C51 COMPILER V9.52.0.0   LED                                                               04/02/2024 17:53:52 PAGE 1   


C51 COMPILER V9.52.0.0, COMPILATION OF MODULE LED
OBJECT MODULE PLACED IN .\Objects\led.obj
COMPILER INVOKED BY: d:\Keil\C51\BIN\C51.EXE source\source\led.c BROWSE INCDIR(.\source\head file) DEBUG OBJECTEXTEND PR
                    -INT(.\Listings\led.lst) TABS(2) OBJECT(.\Objects\led.obj)

line level    source

   1          #include "led.h"
   2          
   3          /*select以及display函数，其中第一个是选择数码管，从上到下从左到右1-12，第二个是显示数字*/
   4          
   5          void display(int a)  // 显示数字
   6          {
   7   1        switch(a)
   8   1        {
   9   2          case 0:P7=0xC0;break;
  10   2          case 1:P7=0xF9;break;
  11   2          case 2:P7=0xA4;break;
  12   2          case 3:P7=0xB0;break;
  13   2          case 4:P7=0x99;break;
  14   2          case 5:P7=0x92;break;
  15   2          case 6:P7=0x82;break;
  16   2          case 7:P7=0xF8;break;
  17   2          case 8:P7=0x80;break;
  18   2          case 9:P7=0x90;break;
  19   2          case 10:P7=0x88;break;//A
  20   2          case 11:P7=0x83;break;
  21   2          case 12:P7=0xC6;break;
  22   2          case 13:P7=0xA1;break;
  23   2          case 14:P7=0x86;break;
  24   2          case 15:P7=0x8e;break;
  25   2          default:P7=0xc0;break;
  26   2        }
  27   1      }
  28          
  29          void select(int b)  // 选择数码管
  30          {
  31   1        switch(b)
  32   1        {     
  33   2          case 1: P5 = 0XFE;P6 = 0XFF;break;//F5 11111110
  34   2          case 2: P5 = 0XFD;P6 = 0XFF;break;//F5 11111101
  35   2          case 3: P5 = 0XFB;P6 = 0XFF;break;//F5 11111011
  36   2          case 4: P5 = 0XF7;P6 = 0XFF;break;//F5 11110111
  37   2          case 5: P5 = 0XEF;P6 = 0XFF;break;//F5 11101111
  38   2          case 6: P5 = 0XDF;P6 = 0XFF;break;//F5 11011111
  39   2          case 7: P5 = 0XBF;P6 = 0XFF;break;//F5 10111111
  40   2          case 8: P5 = 0X7F;P6 = 0XFF;break;//F5 01111111
  41   2          
  42   2          case 9: P6 = 0XFE;P5 = 0XFF;break;//F6 11111110
  43   2          case 10:P6 = 0XFD;P5 = 0XFF;break;//F6 11111101
  44   2          case 11:P6 = 0XFB;P5 = 0XFF;break;//F6 11111011
  45   2          case 12:P6 = 0XF7;P5 = 0XFF;break;//F6 11110111
  46   2        }
  47   1      }
  48          
  49          void Led_Port_Init()
  50          {
  51   1          //set to push_pull model
  52   1          P74OUT &= 0xff;
  53   1      
  54   1          //enable crossbar
C51 COMPILER V9.52.0.0   LED                                                               04/02/2024 17:53:52 PAGE 2   

  55   1          XBR2 |= 0x40;
  56   1      }
  57          
  58          void LedInit()
  59          {
  60   1        Led_Port_Init();
  61   1        P5 |= 0xff;
  62   1        P6 |= 0x0f;
  63   1        P7 = 0xff;
  64   1      }
  65          
  66          void LedDispNum()  //数码管显示数字
  67          {
  68   1        uchar temp[4];
  69   1        
  70   1        temp[0] = Time_num%10;
  71   1        temp[1] = Time_num%100/10;
  72   1        temp[2] = Time_num%1000/100;  // 秒的个位
  73   1        temp[3] = Time_num/1000;
  74   1      
  75   1        // 最上边一行显示
  76   1        select(4);display(temp[0]); Delay(500); P7 = 0xff;
  77   1        select(3);display(temp[1]); Delay(500); P7 = 0xff;
  78   1        select(2);display(temp[2]); P7 = P7 & ~0x80; Delay(500); P7 = 0xff;            //加小数点
  79   1        select(1);display(temp[3]); if(temp[3] == 0) P7 = 0xff; Delay(500); P7 = 0xff; //除零
  80   1      
  81   1        // 中间一行
  82   1        select(8);display(4); Delay(500); P7 = 0xff;
  83   1        select(7);display(3); P7 = P7 & ~0x80; Delay(500); P7 = 0xff;
  84   1        select(6);display(2); Delay(500); P7 = 0xff;
  85   1        select(5);display(1); Delay(500); P7 = 0xff; // Delay(500);
  86   1      
  87   1        // 下边一行
  88   1        select(12);display(4); Delay(500); P7 = 0xff;
  89   1        select(11);display(3); P7 = P7 & ~0x80; Delay(500); P7 = 0xff;
  90   1        select(10);display(0); Delay(500); P7 = 0xff;
  91   1        select(9) ;display(5); Delay(500); P7 = 0xff; // Delay(500);
  92   1      }


MODULE INFORMATION:   STATIC OVERLAYABLE
   CODE SIZE        =    612    ----
   CONSTANT SIZE    =   ----    ----
   XDATA SIZE       =   ----    ----
   PDATA SIZE       =   ----    ----
   DATA SIZE        =   ----       4
   IDATA SIZE       =   ----    ----
   BIT SIZE         =   ----    ----
END OF MODULE INFORMATION.


C51 COMPILATION COMPLETE.  0 WARNING(S),  0 ERROR(S)
