C51 COMPILER V9.52.0.0   MAIN                                                              04/08/2024 19:52:12 PAGE 1   


C51 COMPILER V9.52.0.0, COMPILATION OF MODULE MAIN
OBJECT MODULE PLACED IN .\Objects\main.obj
COMPILER INVOKED BY: d:\Keil\C51\BIN\C51.EXE source\source\main.c BROWSE INCDIR(.\source\head file) DEBUG OBJECTEXTEND P
                    -RINT(.\Listings\main.lst) TABS(2) OBJECT(.\Objects\main.obj)

line level    source

   1           #include <stdio.h>
   2          #include "c8051f020.h"
   3          #include "lcd.h"
   4          #define SYSCLK    11059200
   5          uchar code str0[]="西安交通大学";
   6          uchar code str1[]="电信学部";
   7          uchar code str2[]="自动化学院";
   8          uchar code str3[]="****";
   9          void Oscillator_Init()
  10          {
  11   1          int i = 0;
  12   1          OSCXCN    = 0x67;
  13   1          for (i = 0; i < 3000; i++);  // Wait 1ms for initialization
  14   1          while ((OSCXCN & 0x80) == 0);
  15   1          OSCICN    = 0x08;
  16   1      }
  17          
  18          
  19          void Init_Device(void)
  20          {
  21   1          //disable watchdog
  22   1          EA = 0;
  23   1          WDTCN = 0xde;
  24   1          WDTCN = 0xad;
  25   1          EA = 1;
  26   1        
  27   1          Oscillator_Init();
  28   1          LcdInit();
  29   1      
  30   1      }
  31          
  32          
  33          //-----------------------------------------------------------------------------
  34          // 主程序
  35          //-----------------------------------------------------------------------------
  36          
  37          void main()
  38          { 
  39   1        Init_Device();
  40   1        WriteStr(0, 0, str0);
  41   1        WriteStr(1, 0, str1);
  42   1        WriteStr(2, 0, str2);
  43   1        WriteStr(3, 0, str3);
  44   1          while(1); 
  45   1      }
  46          
  47          
  48          


MODULE INFORMATION:   STATIC OVERLAYABLE
   CODE SIZE        =     98    ----
   CONSTANT SIZE    =     38    ----
   XDATA SIZE       =   ----    ----
C51 COMPILER V9.52.0.0   MAIN                                                              04/08/2024 19:52:12 PAGE 2   

   PDATA SIZE       =   ----    ----
   DATA SIZE        =   ----    ----
   IDATA SIZE       =   ----    ----
   BIT SIZE         =   ----    ----
END OF MODULE INFORMATION.


C51 COMPILATION COMPLETE.  0 WARNING(S),  0 ERROR(S)
