C51 COMPILER V9.52.0.0   ADC                                                               05/18/2022 17:44:22 PAGE 1   


C51 COMPILER V9.52.0.0, COMPILATION OF MODULE ADC
OBJECT MODULE PLACED IN adc.OBJ
COMPILER INVOKED BY: d:\Keil\C51\BIN\C51.EXE adc.c BROWSE DEBUG OBJECTEXTEND TABS(2)

line level    source

   1          /************************************************
   2          designed by wjj
   3          wjj12138@stu.xjtu.edu.cn
   4          ************************************************/
   5          #include "adc.h"
   6          #include "dight.h"
   7          
   8          //adc0初始化
   9          void ADC0_Init ()
  10          {
  11   1          ADC0CN = 0xC4;       // 关闭ADC0; 低能追踪模式
  12   1          REF0CN = 0x03;        // 打开内部基准电压
  13   1          AMX0SL=0x00;     // ADC0使用"0"通道
  14   1          AMX0CF=0x00;
  15   1          ADC0CF=31<<3;         // ADC转换时钟= 2.5MHz
  16   1          ADC0CF&=0xf8;          // PGA gain = 1
  17   1          EIE2|=0x02;        // 打开ADC0中断
  18   1      }
  19          
  20          //timer3初始化
  21          void timer3_init()
  22          {
  23   1        TMR3CN = 0x00;//手动清除溢出标志位
  24   1        TMR3RLL = 0xdc;//100hz
  25   1        //TMR3RLL = 0xfc;
  26   1        TMR3RLH = 0Xff;
  27   1        TMR3L = 0Xff;//
  28   1        TMR3H = 0Xff;//直接溢出
  29   1        EIE2 |= 0x01;//允许timer3中断
  30   1        TMR3CN |= 0x04;//允许定时器3
  31   1      }
  32          
  33          //adc0溢出中断服务函数
  34          //ADC0有多个通道，每个通道上可以连接不同的数据，同一时间只有一个通道会被打开，之后读取数据，通道建立需要时
             -间
  35          void ADC0_ISR () interrupt 15
  36          {
  37   1          /*int adc_re = ADC0H;
  38   1          adc_re = (adc_re <<8)|(ADC0L);
  39   1          zkb = adc_re;
  40   1          zkb = (zkb-770)/31;*/
  41   1        
  42   1          static int ad_e = 0;
  43   1          int adc_re = ADC0H;
  44   1          adc_re = (adc_re <<8)|(ADC0L);//接受adc0的数值
  45   1          if(ad_e == 0)
  46   1          {
  47   2            //AMX0SL=0x00;//这个先则是显示1
  48   2            zkb = adc_re;
  49   2            //zkb = (zkb-770)/31;//显示0通道数据
  50   2            zkb = zkb / 33;
  51   2            up_dight(zkb);
  52   2            AMX0SL=0x00;//改变通道
  53   2            ad_e = 1;
  54   2          }else
C51 COMPILER V9.52.0.0   ADC                                                               05/18/2022 17:44:22 PAGE 2   

  55   1          {
  56   2            //AMX0SL=0x01;//这个先则是显示0
  57   2            temp = adc_re;//显示1通道数据
  58   2            meind_dight(temp);
  59   2            AMX0SL=0x01;//改变通道
  60   2            ad_e = 0;
  61   2          }
  62   1      }


MODULE INFORMATION:   STATIC OVERLAYABLE
   CODE SIZE        =    177    ----
   CONSTANT SIZE    =   ----    ----
   XDATA SIZE       =   ----    ----
   PDATA SIZE       =   ----    ----
   DATA SIZE        =      2       2
   IDATA SIZE       =   ----    ----
   BIT SIZE         =   ----    ----
END OF MODULE INFORMATION.


C51 COMPILATION COMPLETE.  0 WARNING(S),  0 ERROR(S)
