C51 COMPILER V9.52.0.0   DIGHT                                                             05/18/2022 17:44:22 PAGE 1   


C51 COMPILER V9.52.0.0, COMPILATION OF MODULE DIGHT
OBJECT MODULE PLACED IN dight.OBJ
COMPILER INVOKED BY: d:\Keil\C51\BIN\C51.EXE dight.c BROWSE DEBUG OBJECTEXTEND TABS(2)

line level    source

   1          /************************************************
   2          designed by wjj
   3          wjj12138@stu.xjtu.edu.cn
   4          ************************************************/
   5          #include "sysclk.h"
   6          #include "dight.h"
   7          
   8          uchar code tab[]={0xc0,0xf9,0xa4,0xb0,0x99,0x92,0x82,0xf8,0x80,0x90,0x7f};//0，1，2，3，4，5，6,7，8，9，.
   9          
  10          void up_dight(int num)//显示最上面的数码管
  11          {
  12   1        int t_num = num/1000;
  13   1        int h_num = (num - t_num * 1000)/100;
  14   1        int ten_num = (num - t_num*1000 - h_num*100)/10;
  15   1        num = num - t_num*1000 - h_num*100 - ten_num*10;
  16   1        P5 = 0XF7;//上一右一显示
  17   1        P6 = 0XFF;
  18   1        P7 = tab[num];
  19   1        Delay_us(500);
  20   1        P5 = 0XFB;//上一右二
  21   1        P6 = 0XFF;
  22   1        P7 = tab[ten_num];            
  23   1        Delay_us(500);
  24   1        P5 = 0XFD;//上一右三
  25   1        P6 = 0XFF;
  26   1        P7 = tab[h_num];
  27   1        Delay_us(500);  
  28   1        P5 = 0XFE;//上一右四
  29   1        P6 = 0XFF;
  30   1        P7 = tab[t_num];
  31   1        Delay_us(500);
  32   1      }
  33          
  34          void meind_dight(int num)//显示中间的数码管
  35          {
  36   1        int t_num = num/1000;
  37   1        int h_num = (num - t_num * 1000)/100;
  38   1        int ten_num = (num - t_num*1000 - h_num*100)/10;
  39   1        num = num - t_num*1000 - h_num*100 - ten_num*10;
  40   1        P5 = 0X7F;//中右一
  41   1        P6 = 0XFF;
  42   1        P7 = tab[num];
  43   1        Delay_us(500);
  44   1        P5 = 0XBF;//中右二
  45   1        P6 = 0XFF;
  46   1        P7 = tab[ten_num];
  47   1        Delay_us(500);
  48   1        P5 = 0XDF;//中右三
  49   1        P6 = 0XFF;
  50   1        P7 = tab[h_num];
  51   1        Delay_us(500);
  52   1        P5 = 0XEF;//中右四
  53   1        P6 = 0XFF;
  54   1        P7 = tab[t_num];
  55   1        Delay_us(500);
C51 COMPILER V9.52.0.0   DIGHT                                                             05/18/2022 17:44:22 PAGE 2   

  56   1      }
  57          
  58          void down_dight(int num)//显示最下面的数码管
  59          {
  60   1        int t_num = num/1000;
  61   1        int h_num = (num - t_num * 1000)/100;
  62   1        int ten_num = (num - t_num*1000 - h_num*100)/10;
  63   1        num = num - t_num*1000 - h_num*100 - ten_num*10;
  64   1        P5 = 0XFF;//下左一
  65   1        P6 = 0XFE;
  66   1        P7 = tab[t_num];
  67   1        Delay_us(500);    
  68   1        P5 = 0XFF;//下左二
  69   1        P6 = 0XFD;
  70   1        P7 = tab[h_num];
  71   1        Delay_us(500);
  72   1        P5 = 0XFF;//下左三
  73   1        P6 = 0XFB;
  74   1        P7 = tab[ten_num];
  75   1        Delay_us(500);
  76   1        P5 = 0XFF;//下左四
  77   1        P6 = 0XF7;
  78   1        P7 = tab[num];
  79   1        Delay_us(500);
  80   1      }


MODULE INFORMATION:   STATIC OVERLAYABLE
   CODE SIZE        =    716    ----
   CONSTANT SIZE    =     11    ----
   XDATA SIZE       =   ----    ----
   PDATA SIZE       =   ----    ----
   DATA SIZE        =   ----      18
   IDATA SIZE       =   ----    ----
   BIT SIZE         =   ----    ----
END OF MODULE INFORMATION.


C51 COMPILATION COMPLETE.  0 WARNING(S),  0 ERROR(S)
