C51 COMPILER V9.52.0.0   TIME                                                              05/18/2022 17:44:21 PAGE 1   


C51 COMPILER V9.52.0.0, COMPILATION OF MODULE TIME
OBJECT MODULE PLACED IN time.OBJ
COMPILER INVOKED BY: d:\Keil\C51\BIN\C51.EXE time.c BROWSE DEBUG OBJECTEXTEND TABS(2)

line level    source

   1          /************************************************
   2          designed by wjj
   3          wjj12138@stu.xjtu.edu.cn
   4          ************************************************/
   5          #include "sysclk.h"
   6          #include "time.h"
   7          //11059200
   8          #define TIMER0_RELOAD_HIGH 0xff// Timer0高位重载值
   9          #define TIMER0_RELOAD_LOW 0x47   // Timer0低位重载值
  10          //0.2ms
  11          sbit pwm = P0^6;//pwm输出脚为p0.6
  12          
  13          //timer0初始化
  14          void Timer0_Init()
  15          {
  16   1        TH0 = TIMER0_RELOAD_HIGH;           // 设置高8位
  17   1        TL0 = TIMER0_RELOAD_LOW;
  18   1        TMOD = 0x01;                        // 设置为16位模式
  19   1        ET0 = 1;                            // 使能定时器0
  20   1        TR0 = 1;
  21   1      }
  22          
  23          //timer0中断函数
  24          void Timer0_ISR (void) interrupt 1
  25          {
  26   1        TH0 = TIMER0_RELOAD_HIGH;           // Timer0高位重载值
  27   1        TL0 = TIMER0_RELOAD_LOW;            // Timer0低位重载值
  28   1      
  29   1      }
  30          
  31          //timer3中断函数
  32          void timer3_isr() interrupt 14
  33          {
  34   1        DAC0L = temp & (0x00ff);//取出低8位
  35   1        DAC0H = temp>>8;//取出高8位
  36   1        TMR3CN &= ~(0X80);//手动清0
  37   1      }


MODULE INFORMATION:   STATIC OVERLAYABLE
   CODE SIZE        =     49    ----
   CONSTANT SIZE    =   ----    ----
   XDATA SIZE       =   ----    ----
   PDATA SIZE       =   ----    ----
   DATA SIZE        =   ----    ----
   IDATA SIZE       =   ----    ----
   BIT SIZE         =   ----    ----
END OF MODULE INFORMATION.


C51 COMPILATION COMPLETE.  0 WARNING(S),  0 ERROR(S)
