C51 COMPILER V9.52.0.0   LED                                                               08/27/2019 06:54:57 PAGE 1   


C51 COMPILER V9.52.0.0, COMPILATION OF MODULE LED
OBJECT MODULE PLACED IN LED.obj
COMPILER INVOKED BY: C:\Keil\C51\BIN\C51.EXE source\LED.c LARGE RTX51 BROWSE DEBUG OBJECTEXTEND PRINT(.\LED.lst) TABS(2)
                    - OBJECT(LED.obj)

line level    source

   1          #include "LED.h"
   2          
   3          int delay_us_value = 100;
   4          int select_count = 0;
   5          
   6          void LED_PortInit(void) {
   7   1          P74OUT &= 0xFF;  // set to push_pull model
   8   1          XBR2   |= 0x40;  // enable crossbar
   9   1      }
  10          
  11          void LED_Init(void) {
  12   1          LED_PortInit();
  13   1          P5 |= 0xFF;
  14   1          P6 |= 0x0F;
  15   1          P7  = 0xFF;
  16   1      }
  17          
  18          void LED_Display(int a) {
  19   1          switch (a) {
  20   2          case 0 : P7 = 0xC0; break;
  21   2          case 1 : P7 = 0xF9; break;
  22   2          case 2 : P7 = 0xA4; break;
  23   2          case 3 : P7 = 0xB0; break;
  24   2          case 4 : P7 = 0x99; break;
  25   2          case 5 : P7 = 0x92; break;
  26   2          case 6 : P7 = 0x82; break;
  27   2          case 7 : P7 = 0xF8; break;
  28   2          case 8 : P7 = 0x80; break;
  29   2          case 9 : P7 = 0x90; break;
  30   2          case 10: P7 = 0x88; break;  //A
  31   2          case 11: P7 = 0x83; break;
  32   2          case 12: P7 = 0xC6; break;
  33   2          case 13: P7 = 0xA1; break;
  34   2          case 14: P7 = 0x86; break;
  35   2          case 15: P7 = 0x8E; break;
  36   2          default: P7 = 0xFF; break;
  37   2          }
  38   1      }
  39          
  40          void LED_Select(int b) {
  41   1          switch (b) {
  42   2          case 1 : P5 = 0xFE; P6 = 0xFF; break;
  43   2          case 2 : P5 = 0xFD; P6 = 0xFF; break;
  44   2          case 3 : P5 = 0xFB; P6 = 0xFF; break;
  45   2          case 4 : P5 = 0xF7; P6 = 0xFF; break;
  46   2          case 5 : P5 = 0xEF; P6 = 0xFF; break;
  47   2          case 6 : P5 = 0xDF; P6 = 0xFF; break;
  48   2          case 7 : P5 = 0xBF; P6 = 0xFF; break;
  49   2          case 8 : P5 = 0x7F; P6 = 0xFF; break;
  50   2          case 9 : P5 = 0xFF; P6 = 0xFE; break;
  51   2          case 10: P5 = 0xFF; P6 = 0xFD; break;
  52   2          case 11: P5 = 0xFF; P6 = 0xFB; break;
  53   2          case 12: P5 = 0xFF; P6 = 0xF7; break;
  54   2          }
C51 COMPILER V9.52.0.0   LED                                                               08/27/2019 06:54:57 PAGE 2   

  55   1      }
  56          
  57          void LED_DispChar(unsigned int val) {
  58   1          unsigned int row, col;
  59   1          val %= 0x0C;
  60   1          row = val >> 2;
  61   1          col = val & 0x03;
  62   1          LED_Select(val + 1); 
  63   1          switch (row) {
  64   2          case 0x00: LED_Display(LED_LINE1[3 - col]); break;
  65   2          case 0x01: LED_Display(LED_LINE2[3 - col]); break;
  66   2          case 0x02: LED_Display(LED_LINE3[3 - col]); break;
  67   2          default: break;
  68   2          }
  69   1      }
  70          
  71          void Timer2_InitLED(void) {
  72   1          Enable_Timer2;       // 设定 IE 标志位 5，允许 Timer2 溢出中断请求
  73   1          Timer2_Set_Method1;  // 设置定时器 2 为方式 1 定时器功能
  74   1      }
  75          
  76          void Timer2_ISR(void) interrupt 5 {
  77   1          LED_DispChar(timer2_value);
  78   1          timer2_value++;
  79   1      
  80   1          Timer2_Clear_Flag;
  81   1          TH2 = 0xFE;  // Reinit Timer2 High register
  82   1          TL2 = 0xFF;
  83   1      }


MODULE INFORMATION:   STATIC OVERLAYABLE
   CODE SIZE        =    507    ----
   CONSTANT SIZE    =   ----    ----
   XDATA SIZE       =      4       2
   PDATA SIZE       =   ----    ----
   DATA SIZE        =   ----    ----
   IDATA SIZE       =   ----    ----
   BIT SIZE         =   ----    ----
END OF MODULE INFORMATION.


C51 COMPILATION COMPLETE.  0 WARNING(S),  0 ERROR(S)
