C51 COMPILER V9.52.0.0   SYS_INIT                                                          03/10/2025 20:07:47 PAGE 1   


C51 COMPILER V9.52.0.0, COMPILATION OF MODULE SYS_INIT
OBJECT MODULE PLACED IN SYS_Init.obj
COMPILER INVOKED BY: D:\keilv4_51\C51\BIN\C51.EXE source\SYS_Init.c LARGE RTX51 BROWSE DEBUG OBJECTEXTEND PRINT(.\SYS_In
                    -it.lst) TABS(2) OBJECT(SYS_Init.obj)

line level    source

   1          #include "SYS_Init.h"
   2          
   3          void SYSCLK_Init(void) {
   4   1          int i;          // 延时计数器
   5   1          OSCXCN = 0x67;  // 使用外部22.1184MHz晶振
   6   1          for (i = 0; i < 256; i++)
   7   1              ;           // 等待1ms
   8   1          while (!(OSCXCN & 0x80))
   9   1              ;           // 等待外部振荡器稳定
  10   1          OSCICN = 0x88;  // 切换到外部晶振
  11   1      }
  12          
  13          void PORT_Init(void) {
  14   1          XBR1 |= 0X14;     // 设置XBR1
  15   1          XBR2 |= 0X44;     // 打开交叉开关和弱上拉
  16   1          P0MDOUT |= 0x03;  // 设置 P0.0 P0.1 为推挽输出
  17   1          P1MDOUT |= 0xFF;  // 设置 P1 为推挽输出
  18   1          P2MDOUT |= 0xFF;  // 设置 P2 为推挽输出
  19   1          P3MDOUT |= 0xFF;  // 设置 P3 为推挽输出
  20   1      
  21   1      //    P0 |= 0x00;
  22   1      }
  23          
  24          void SYS_Init(void) {
  25   1          Disable_Global;  // 清除 IE 标志位 7，禁止全局中断请求
  26   1          Disable_WDT;     // 关闭看门狗
  27   1          Enable_Global;   // 设定 IE 标志位 7，允许全局中断请求
  28   1          SYSCLK_Init();   // 配置系统时钟
  29   1          PORT_Init();     // 配置端口
  30   1          // REF_Ctr_Set;     // 关闭温度传感器, 设定芯片上的 VREF
  31   1      }
  32          
  33          void INT_Init(void) {
  34   1          INT1_Type1;     // 设定 TCON 中断标志位 2，INT1 中断为边缘触发
  35   1          Enable_INT1;    // 设定 IE 标志位 2，允许 INT1 中断请求
  36   1      }


MODULE INFORMATION:   STATIC OVERLAYABLE
   CODE SIZE        =     68    ----
   CONSTANT SIZE    =   ----    ----
   XDATA SIZE       =   ----    ----
   PDATA SIZE       =   ----    ----
   DATA SIZE        =   ----    ----
   IDATA SIZE       =   ----    ----
   BIT SIZE         =   ----    ----
END OF MODULE INFORMATION.


C51 COMPILATION COMPLETE.  0 WARNING(S),  0 ERROR(S)
