C51 COMPILER V9.52.0.0   LED                                                               03/03/2025 19:03:33 PAGE 1   


C51 COMPILER V9.52.0.0, COMPILATION OF MODULE LED
OBJECT MODULE PLACED IN .\Objects\led.obj
COMPILER INVOKED BY: D:\keilv4_51\C51\BIN\C51.EXE source\source\led.c LARGE BROWSE INCDIR(.\source\head file) DEBUG OBJE
                    -CTEXTEND PRINT(.\Listings\led.lst) TABS(2) OBJECT(.\Objects\led.obj)

line level    source

   1          #include "led.h"
   2          /*select以及display函数，其中第一个是选择数码管，从上到下从左到右1-12，第二个是显示数字*/
   3          
   4          extern int xdata v[10];
   5          extern int xdata u[10];
   6          extern long ADC0_result[2];
   7          extern int w1;
   8          extern int x1;
   9          extern int y1;
  10          extern int z1;
  11          extern int w2;
  12          extern int x2;
  13          extern int y2;
  14          extern int z2;
  15          extern int result;
  16          extern long xdata result2;
  17          extern int w3;
  18          extern int x3;
  19          extern int y3;
  20          extern int z3;
  21          extern volatile unsigned char idata samplepos;
  22          extern volatile long idata slidesum;
  23          
  24          void display(int a)  // 显示数字
  25          {
  26   1        switch(a)
  27   1        {
  28   2          case 0:P7=0xC0;break;
  29   2          case 1:P7=0xF9;break;
  30   2          case 2:P7=0xA4;break;
  31   2          case 3:P7=0xB0;break;
  32   2          case 4:P7=0x99;break;
  33   2          case 5:P7=0x92;break;
  34   2          case 6:P7=0x82;break;
  35   2          case 7:P7=0xF8;break;
  36   2          case 8:P7=0x80;break;
  37   2          case 9:P7=0x90;break;
  38   2          case 10:P7=0x88;break;//A
  39   2          case 11:P7=0x83;break;
  40   2          case 12:P7=0xC6;break;
  41   2          case 13:P7=0xA1;break;
  42   2          case 14:P7=0x86;break;
  43   2          case 15:P7=0x8e;break;
  44   2          default:P7=0xc0;break;
  45   2        }
  46   1      }
  47          
  48          void select(int b)  // 选择数码管
  49          {
  50   1        switch(b)
  51   1        {     
  52   2          case 1: P5 = 0XFE;P6 = 0XFF;break;
  53   2          case 2: P5 = 0XFD;P6 = 0XFF;break;
  54   2          case 3: P5 = 0XFB;P6 = 0XFF;break;
C51 COMPILER V9.52.0.0   LED                                                               03/03/2025 19:03:33 PAGE 2   

  55   2          case 4: P5 = 0XF7;P6 = 0XFF;break;
  56   2          case 5: P5 = 0XEF;P6 = 0XFF;break;
  57   2          case 6: P5 = 0XDF;P6 = 0XFF;break;
  58   2          case 7: P5 = 0XBF;P6 = 0XFF;break;
  59   2          case 8: P5 = 0X77;P6 = 0XFF;break;
  60   2          case 9: P6 = 0XFE;P5 = 0XFF;break;
  61   2          case 10:P6 = 0XFD;P5 = 0XFF;break;
  62   2          case 11:P6 = 0XFB;P5 = 0XFF;break;
  63   2          case 12:P6 = 0XF7;P5 = 0XFF;break;
  64   2        }
  65   1      }
  66          
  67          void Led_Port_Init()
  68          {
  69   1          //set to push_pull model
  70   1          P74OUT &= 0xff;
  71   1      
  72   1          //enable crossbar
  73   1          XBR2 |= 0x40;
  74   1      }
  75          
  76          void LedInit()
  77          {
  78   1        Led_Port_Init();
  79   1        P5 |= 0xff;
  80   1        P6 |= 0x0f;
  81   1        P7 = 0xff;
  82   1      }
  83          
  84          void LedDispNum()  //数码管显示数字
  85          {
  86   1        uchar temp[4];
  87   1        
  88   1        temp[0] = Time_num%10;// 秒的个位
  89   1        temp[1] = Time_num%100/10;
  90   1        temp[2] = Time_num%1000/100;  
  91   1        temp[3] = Time_num/1000;
  92   1      
  93   1        // 最上边一行显示
  94   1        select(4);display(mima1[3]); Delay(500); P7 = 0xff;
  95   1        select(3);display(mima1[2]); Delay(500); P7 = 0xff;
  96   1        select(2);display(mima1[1]); Delay(500); P7 = 0xff;            //加小数点
  97   1        select(1);display(mima1[0]); Delay(500); P7 = 0xff; //除零
  98   1      
  99   1        // 中间一行
 100   1        select(8);display(5); Delay(500); P7 = 0xff;
 101   1        select(7);display(2); Delay(500); P7 = 0xff;
 102   1        select(6);display(0); Delay(500); P7 = 0xff;
 103   1        select(5);display(2); Delay(500); P7 = 0xff;  
 104   1      
 105   1        // 下边一行
 106   1        select(12);display(4); Delay(500); P7 = 0xff;
 107   1        select(11);display(2); Delay(500); P7 = 0xff;
 108   1        select(10);display(2); Delay(500); P7 = 0xff;
 109   1        select(9) ;display(0); Delay(500); P7 = 0xff;  
 110   1      }
 111          
 112          
 113          
 114          
 115          void show_f_row(void)
 116          {
C51 COMPILER V9.52.0.0   LED                                                               03/03/2025 19:03:33 PAGE 3   

 117   1        select(1);display(w1);P7 = P7 & ~0x80;Delay(500); P7 = 0xff;
 118   1        select(2);display(x1);Delay(500); P7 = 0xff;
 119   1        select(3);display(y1);Delay(500); P7 = 0xff;
 120   1        select(4);display(z1);Delay(500); P7 = 0xff;
 121   1      }
 122          void show_s_row(void)
 123          {
 124   1        select(5);display(w2);P7 = P7 & ~0x80;Delay(500); P7 = 0xff;
 125   1        select(6);display(x2);Delay(500); P7 = 0xff;
 126   1        select(7);display(y2);Delay(500); P7 = 0xff;
 127   1        select(8);display(z2);Delay(500); P7 = 0xff;
 128   1      }
 129          void show_t_row(void)
 130          {
 131   1        select(9);display(w3);P7 = P7 & ~0x80;Delay(500); P7 = 0xff;
 132   1        select(10);display(x3);Delay(500); P7 = 0xff;
 133   1        select(11);display(y3);Delay(500); P7 = 0xff;
 134   1        select(12);display(z3);Delay(500); P7 = 0xff;
 135   1      }
 136          void show_mima_row(int * codenum1234)
 137          {
*** WARNING C235 IN LINE 137 OF source\source\led.c: parameter 1: different types
 138   1        select(1);display(codenum1234[0]);Delay(500); P7 = 0xff;
 139   1        select(2);display(codenum1234[1]);Delay(500); P7 = 0xff;
 140   1        select(3);display(codenum1234[2]);Delay(500); P7 = 0xff;
 141   1        select(4);display(codenum1234[3]);Delay(500); P7 = 0xff;
 142   1      }


MODULE INFORMATION:   STATIC OVERLAYABLE
   CODE SIZE        =   1077    ----
   CONSTANT SIZE    =   ----    ----
   XDATA SIZE       =   ----       7
   PDATA SIZE       =   ----    ----
   DATA SIZE        =   ----    ----
   IDATA SIZE       =   ----    ----
   BIT SIZE         =   ----    ----
END OF MODULE INFORMATION.


C51 COMPILATION COMPLETE.  1 WARNING(S),  0 ERROR(S)
