C51 COMPILER V9.52.0.0   WHITE                                                             03/03/2025 19:03:33 PAGE 1   


C51 COMPILER V9.52.0.0, COMPILATION OF MODULE WHITE
OBJECT MODULE PLACED IN .\Objects\white.obj
COMPILER INVOKED BY: D:\keilv4_51\C51\BIN\C51.EXE source\source\white.c LARGE BROWSE INCDIR(.\source\head file) DEBUG OB
                    -JECTEXTEND PRINT(.\Listings\white.lst) TABS(2) OBJECT(.\Objects\white.obj)

line level    source

   1          const unsigned char code gImage_white[1024] = { /* 0X00,0X01,0X80,0X00,0X40,0X00, */
   2          0X00,0X00,0X00,0X00,0X00,0X00,0X00,0X00,0X00,0X00,0X00,0X00,0X00,0X00,0X00,0X00,
   3          0X00,0X00,0X00,0X00,0X00,0X00,0X00,0X00,0X00,0X00,0X00,0X00,0X00,0X00,0X00,0X00,
   4          0X00,0X00,0X00,0X00,0X00,0X00,0X00,0X00,0X00,0X00,0X00,0X00,0X00,0X00,0X00,0X00,
   5          0X00,0X00,0X00,0X00,0X00,0X00,0X00,0X00,0X00,0X00,0X00,0X00,0X00,0X00,0X00,0X00,
   6          0X00,0X00,0X00,0X00,0X00,0X00,0X00,0X00,0X00,0X00,0X00,0X00,0X00,0X00,0X00,0X00,
   7          0X00,0X00,0X00,0X00,0X00,0X00,0X00,0X00,0X00,0X00,0X00,0X00,0X00,0X00,0X00,0X00,
   8          0X00,0X00,0X00,0X00,0X00,0X00,0X00,0X00,0X00,0X00,0X00,0X00,0X00,0X00,0X00,0X00,
   9          0X00,0X00,0X00,0X00,0X00,0X00,0X00,0X00,0X00,0X00,0X00,0X00,0X00,0X00,0X00,0X00,
  10          0X00,0X00,0X00,0X00,0X00,0X00,0X00,0X00,0X00,0X00,0X00,0X00,0X00,0X00,0X00,0X00,
  11          0X00,0X00,0X00,0X00,0X00,0X00,0X00,0X00,0X00,0X00,0X00,0X00,0X00,0X00,0X00,0X00,
  12          0X00,0X00,0X00,0X00,0X00,0X00,0X00,0X00,0X00,0X00,0X00,0X00,0X00,0X00,0X00,0X00,
  13          0X00,0X00,0X00,0X00,0X00,0X00,0X00,0X00,0X00,0X00,0X00,0X00,0X00,0X00,0X00,0X00,
  14          0X00,0X00,0X00,0X00,0X00,0X00,0X00,0X00,0X00,0X00,0X00,0X00,0X00,0X00,0X00,0X00,
  15          0X00,0X00,0X00,0X00,0X00,0X00,0X00,0X00,0X00,0X00,0X00,0X00,0X00,0X00,0X00,0X00,
  16          0X00,0X00,0X00,0X00,0X00,0X00,0X00,0X00,0X00,0X00,0X00,0X00,0X00,0X00,0X00,0X00,
  17          0X00,0X00,0X00,0X00,0X00,0X00,0X00,0X00,0X00,0X00,0X00,0X00,0X00,0X00,0X00,0X00,
  18          0X00,0X00,0X00,0X00,0X00,0X00,0X00,0X00,0X00,0X00,0X00,0X00,0X00,0X00,0X00,0X00,
  19          0X00,0X00,0X00,0X00,0X00,0X00,0X00,0X00,0X00,0X00,0X00,0X00,0X00,0X00,0X00,0X00,
  20          0X00,0X00,0X00,0X00,0X00,0X00,0X00,0X00,0X00,0X00,0X00,0X00,0X00,0X00,0X00,0X00,
  21          0X00,0X00,0X00,0X00,0X00,0X00,0X00,0X00,0X00,0X00,0X00,0X00,0X00,0X00,0X00,0X00,
  22          0X00,0X00,0X00,0X00,0X00,0X00,0X00,0X00,0X00,0X00,0X00,0X00,0X00,0X00,0X00,0X00,
  23          0X00,0X00,0X00,0X00,0X00,0X00,0X00,0X00,0X00,0X00,0X00,0X00,0X00,0X00,0X00,0X00,
  24          0X00,0X00,0X00,0X00,0X00,0X00,0X00,0X00,0X00,0X00,0X00,0X00,0X00,0X00,0X00,0X00,
  25          0X00,0X00,0X00,0X00,0X00,0X00,0X00,0X00,0X00,0X00,0X00,0X00,0X00,0X00,0X00,0X00,
  26          0X00,0X00,0X00,0X00,0X00,0X00,0X00,0X00,0X00,0X00,0X00,0X00,0X00,0X00,0X00,0X00,
  27          0X00,0X00,0X00,0X00,0X00,0X00,0X00,0X00,0X00,0X00,0X00,0X00,0X00,0X00,0X00,0X00,
  28          0X00,0X00,0X00,0X00,0X00,0X00,0X00,0X00,0X00,0X00,0X00,0X00,0X00,0X00,0X00,0X00,
  29          0X00,0X00,0X00,0X00,0X00,0X00,0X00,0X00,0X00,0X00,0X00,0X00,0X00,0X00,0X00,0X00,
  30          0X00,0X00,0X00,0X00,0X00,0X00,0X00,0X00,0X00,0X00,0X00,0X00,0X00,0X00,0X00,0X00,
  31          0X00,0X00,0X00,0X00,0X00,0X00,0X00,0X00,0X00,0X00,0X00,0X00,0X00,0X00,0X00,0X00,
  32          0X00,0X00,0X00,0X00,0X00,0X00,0X00,0X00,0X00,0X00,0X00,0X00,0X00,0X00,0X00,0X00,
  33          0X00,0X00,0X00,0X00,0X00,0X00,0X00,0X00,0X00,0X00,0X00,0X00,0X00,0X00,0X00,0X00,
  34          0X00,0X00,0X00,0X00,0X00,0X00,0X00,0X00,0X00,0X00,0X00,0X00,0X00,0X00,0X00,0X00,
  35          0X00,0X00,0X00,0X00,0X00,0X00,0X00,0X00,0X00,0X00,0X00,0X00,0X00,0X00,0X00,0X00,
  36          0X00,0X00,0X00,0X00,0X00,0X00,0X00,0X00,0X00,0X00,0X00,0X00,0X00,0X00,0X00,0X00,
  37          0X00,0X00,0X00,0X00,0X00,0X00,0X00,0X00,0X00,0X00,0X00,0X00,0X00,0X00,0X00,0X00,
  38          0X00,0X00,0X00,0X00,0X00,0X00,0X00,0X00,0X00,0X00,0X00,0X00,0X00,0X00,0X00,0X00,
  39          0X00,0X00,0X00,0X00,0X00,0X00,0X00,0X00,0X00,0X00,0X00,0X00,0X00,0X00,0X00,0X00,
  40          0X00,0X00,0X00,0X00,0X00,0X00,0X00,0X00,0X00,0X00,0X00,0X00,0X00,0X00,0X00,0X00,
  41          0X00,0X00,0X00,0X00,0X00,0X00,0X00,0X00,0X00,0X00,0X00,0X00,0X00,0X00,0X00,0X00,
  42          0X00,0X00,0X00,0X00,0X00,0X00,0X00,0X00,0X00,0X00,0X00,0X00,0X00,0X00,0X00,0X00,
  43          0X00,0X00,0X00,0X00,0X00,0X00,0X00,0X00,0X00,0X00,0X00,0X00,0X00,0X00,0X00,0X00,
  44          0X00,0X00,0X00,0X00,0X00,0X00,0X00,0X00,0X00,0X00,0X00,0X00,0X00,0X00,0X00,0X00,
  45          0X00,0X00,0X00,0X00,0X00,0X00,0X00,0X00,0X00,0X00,0X00,0X00,0X00,0X00,0X00,0X00,
  46          0X00,0X00,0X00,0X00,0X00,0X00,0X00,0X00,0X00,0X00,0X00,0X00,0X00,0X00,0X00,0X00,
  47          0X00,0X00,0X00,0X00,0X00,0X00,0X00,0X00,0X00,0X00,0X00,0X00,0X00,0X00,0X00,0X00,
  48          0X00,0X00,0X00,0X00,0X00,0X00,0X00,0X00,0X00,0X00,0X00,0X00,0X00,0X00,0X00,0X00,
  49          0X00,0X00,0X00,0X00,0X00,0X00,0X00,0X00,0X00,0X00,0X00,0X00,0X00,0X00,0X00,0X00,
  50          0X00,0X00,0X00,0X00,0X00,0X00,0X00,0X00,0X00,0X00,0X00,0X00,0X00,0X00,0X00,0X00,
  51          0X00,0X00,0X00,0X00,0X00,0X00,0X00,0X00,0X00,0X00,0X00,0X00,0X00,0X00,0X00,0X00,
  52          0X00,0X00,0X00,0X00,0X00,0X00,0X00,0X00,0X00,0X00,0X00,0X00,0X00,0X00,0X00,0X00,
  53          0X00,0X00,0X00,0X00,0X00,0X00,0X00,0X00,0X00,0X00,0X00,0X00,0X00,0X00,0X00,0X00,
  54          0X00,0X00,0X00,0X00,0X00,0X00,0X00,0X00,0X00,0X00,0X00,0X00,0X00,0X00,0X00,0X00,
C51 COMPILER V9.52.0.0   WHITE                                                             03/03/2025 19:03:33 PAGE 2   

  55          0X00,0X00,0X00,0X00,0X00,0X00,0X00,0X00,0X00,0X00,0X00,0X00,0X00,0X00,0X00,0X00,
  56          0X00,0X00,0X00,0X00,0X00,0X00,0X00,0X00,0X00,0X00,0X00,0X00,0X00,0X00,0X00,0X00,
  57          0X00,0X00,0X00,0X00,0X00,0X00,0X00,0X00,0X00,0X00,0X00,0X00,0X00,0X00,0X00,0X00,
  58          0X00,0X00,0X00,0X00,0X00,0X00,0X00,0X00,0X00,0X00,0X00,0X00,0X00,0X00,0X00,0X00,
  59          0X00,0X00,0X00,0X00,0X00,0X00,0X00,0X00,0X00,0X00,0X00,0X00,0X00,0X00,0X00,0X00,
  60          0X00,0X00,0X00,0X00,0X00,0X00,0X00,0X00,0X00,0X00,0X00,0X00,0X00,0X00,0X00,0X00,
  61          0X00,0X00,0X00,0X00,0X00,0X00,0X00,0X00,0X00,0X00,0X00,0X00,0X00,0X00,0X00,0X00,
  62          0X00,0X00,0X00,0X00,0X00,0X00,0X00,0X00,0X00,0X00,0X00,0X00,0X00,0X00,0X00,0X00,
  63          0X00,0X00,0X00,0X00,0X00,0X00,0X00,0X00,0X00,0X00,0X00,0X00,0X00,0X00,0X00,0X00,
  64          0X00,0X00,0X00,0X00,0X00,0X00,0X00,0X00,0X00,0X00,0X00,0X00,0X00,0X00,0X00,0X00,
  65          0X00,0X00,0X00,0X00,0X00,0X00,0X00,0X00,0X00,0X00,0X00,0X00,0X00,0X00,0X00,0X00,
  66          };
  67          const unsigned char code axis[1024] = { /* 0X00,0X01,0X80,0X00,0X40,0X00, */
  68          0X80,0X00,0X00,0X00,0X00,0X00,0X00,0X00,0X00,0X00,0X00,0X00,0X00,0X00,0X00,0X00,
  69          0XC0,0X00,0X00,0X00,0X00,0X00,0X00,0X00,0X00,0X00,0X00,0X00,0X00,0X00,0X00,0X00,
  70          0XA0,0X00,0X00,0X00,0X00,0X00,0X00,0X00,0X00,0X00,0X00,0X00,0X00,0X00,0X00,0X00,
  71          0XA0,0X00,0X00,0X00,0X00,0X00,0X00,0X00,0X00,0X00,0X00,0X00,0X00,0X00,0X00,0X00,
  72          0X80,0X00,0X00,0X00,0X00,0X00,0X00,0X00,0X00,0X00,0X00,0X00,0X00,0X00,0X00,0X00,
  73          0X80,0X00,0X00,0X00,0X00,0X00,0X00,0X00,0X00,0X00,0X00,0X00,0X00,0X00,0X00,0X00,
  74          0X80,0X00,0X00,0X00,0X00,0X00,0X00,0X00,0X00,0X00,0X00,0X00,0X00,0X00,0X00,0X00,
  75          0X80,0X00,0X00,0X00,0X00,0X00,0X00,0X00,0X00,0X00,0X00,0X00,0X00,0X00,0X00,0X00,
  76          0X80,0X00,0X00,0X00,0X00,0X00,0X00,0X00,0X00,0X00,0X00,0X00,0X00,0X00,0X00,0X00,
  77          0X80,0X00,0X00,0X00,0X00,0X00,0X00,0X00,0X00,0X00,0X00,0X00,0X00,0X00,0X00,0X00,
  78          0X80,0X00,0X00,0X00,0X00,0X00,0X00,0X00,0X00,0X00,0X00,0X00,0X00,0X00,0X00,0X00,
  79          0X80,0X00,0X00,0X00,0X00,0X00,0X00,0X00,0X00,0X00,0X00,0X00,0X00,0X00,0X00,0X00,
  80          0X80,0X00,0X00,0X00,0X00,0X00,0X00,0X00,0X00,0X00,0X00,0X00,0X00,0X00,0X00,0X00,
  81          0X80,0X00,0X00,0X00,0X00,0X00,0X00,0X00,0X00,0X00,0X00,0X00,0X00,0X00,0X00,0X00,
  82          0X80,0X00,0X00,0X00,0X00,0X00,0X00,0X00,0X00,0X00,0X00,0X00,0X00,0X00,0X00,0X00,
  83          0X80,0X00,0X00,0X00,0X00,0X00,0X00,0X00,0X00,0X00,0X00,0X00,0X00,0X00,0X00,0X00,
  84          0X80,0X00,0X00,0X00,0X00,0X00,0X00,0X00,0X00,0X00,0X00,0X00,0X00,0X00,0X00,0X00,
  85          0X80,0X00,0X00,0X00,0X00,0X00,0X00,0X00,0X00,0X00,0X00,0X00,0X00,0X00,0X00,0X00,
  86          0X80,0X00,0X00,0X00,0X00,0X00,0X00,0X00,0X00,0X00,0X00,0X00,0X00,0X00,0X00,0X00,
  87          0X80,0X00,0X00,0X00,0X00,0X00,0X00,0X00,0X00,0X00,0X00,0X00,0X00,0X00,0X00,0X00,
  88          0X80,0X00,0X00,0X00,0X00,0X00,0X00,0X00,0X00,0X00,0X00,0X00,0X00,0X00,0X00,0X00,
  89          0X80,0X00,0X00,0X00,0X00,0X00,0X00,0X00,0X00,0X00,0X00,0X00,0X00,0X00,0X00,0X00,
  90          0X80,0X00,0X00,0X00,0X00,0X00,0X00,0X00,0X00,0X00,0X00,0X00,0X00,0X00,0X00,0X00,
  91          0X80,0X00,0X00,0X00,0X00,0X00,0X00,0X00,0X00,0X00,0X00,0X00,0X00,0X00,0X00,0X00,
  92          0X80,0X00,0X00,0X00,0X00,0X00,0X00,0X00,0X00,0X00,0X00,0X00,0X00,0X00,0X00,0X00,
  93          0X80,0X00,0X00,0X00,0X00,0X00,0X00,0X00,0X00,0X00,0X00,0X00,0X00,0X00,0X00,0X00,
  94          0X80,0X00,0X00,0X00,0X00,0X00,0X00,0X00,0X00,0X00,0X00,0X00,0X00,0X00,0X00,0X00,
  95          0X80,0X00,0X00,0X00,0X00,0X00,0X00,0X00,0X00,0X00,0X00,0X00,0X00,0X00,0X00,0X00,
  96          0X80,0X00,0X00,0X00,0X00,0X00,0X00,0X00,0X00,0X00,0X00,0X00,0X00,0X00,0X00,0X00,
  97          0X80,0X00,0X00,0X00,0X00,0X00,0X00,0X00,0X00,0X00,0X00,0X00,0X00,0X00,0X00,0X00,
  98          0X80,0X00,0X00,0X00,0X00,0X00,0X00,0X00,0X00,0X00,0X00,0X00,0X00,0X00,0X00,0X00,
  99          0X80,0X00,0X00,0X00,0X00,0X00,0X00,0X00,0X00,0X00,0X00,0X00,0X00,0X00,0X00,0X00,
 100          0X80,0X00,0X00,0X00,0X00,0X00,0X00,0X00,0X00,0X00,0X00,0X00,0X00,0X00,0X00,0X00,
 101          0X80,0X00,0X00,0X00,0X00,0X00,0X00,0X00,0X00,0X00,0X00,0X00,0X00,0X00,0X00,0X0C,
 102          0X80,0X00,0X00,0X00,0X00,0X00,0X00,0X00,0X00,0X00,0X00,0X00,0X00,0X00,0X00,0X02,
 103          0XFF,0XFF,0XFF,0XFF,0XFF,0XFF,0XFF,0XFF,0XFF,0XFF,0XFF,0XFF,0XFF,0XFF,0XFF,0XFF,
 104          0X00,0X00,0X00,0X00,0X00,0X00,0X00,0X00,0X00,0X00,0X00,0X00,0X00,0X00,0X00,0X02,
 105          0X07,0XFF,0XFF,0XFF,0XFC,0X01,0XFF,0XFF,0XFF,0XFF,0X00,0X7F,0XFF,0XFF,0XFF,0XC0,
 106          0X18,0X00,0X00,0X00,0X03,0X06,0X00,0X00,0X00,0X00,0XC1,0X80,0X00,0X00,0X00,0X30,
 107          0X20,0X00,0X00,0X00,0X00,0X88,0X00,0X01,0X80,0X00,0X22,0X00,0X00,0XC0,0X00,0X08,
 108          0X40,0X00,0X18,0X00,0X00,0X90,0X00,0X03,0X80,0X00,0X24,0X00,0X00,0XC0,0X00,0X08,
 109          0X40,0X01,0XFF,0XF0,0X00,0X50,0X00,0X7F,0XFC,0X00,0X14,0X00,0X3F,0XFF,0X80,0X04,
 110          0X40,0X03,0XFF,0XF8,0X40,0X50,0X00,0X7F,0XFE,0X0C,0X14,0X00,0X7F,0XFF,0X86,0X04,
 111          0X40,0X03,0X30,0X70,0X60,0X50,0X00,0X63,0X8E,0X0C,0X14,0X00,0X03,0X80,0X06,0X04,
 112          0X40,0X00,0X78,0X00,0X00,0X50,0X00,0X7F,0XFE,0X00,0X14,0X00,0X07,0XFC,0X00,0X04,
 113          0X40,0X00,0XFF,0XC0,0X00,0X50,0X00,0X7F,0XFC,0X00,0X14,0X00,0X3F,0XFC,0X00,0X04,
 114          0X40,0X03,0XCE,0X00,0X00,0X50,0X00,0X03,0X80,0X00,0X14,0X00,0X7F,0X0C,0X00,0X04,
 115          0X40,0X0F,0X0E,0X00,0X00,0X50,0X00,0X03,0X80,0X00,0X14,0X00,0X23,0X0C,0X00,0X04,
 116          0X40,0X00,0X7F,0XE0,0X40,0X50,0X00,0X83,0X80,0X0C,0X14,0X00,0X03,0XFC,0X06,0X04,
C51 COMPILER V9.52.0.0   WHITE                                                             03/03/2025 19:03:33 PAGE 3   

 117          0X40,0X00,0X7F,0XF6,0X60,0X50,0X00,0X81,0X00,0X0C,0X14,0X00,0X01,0XF8,0X06,0X04,
 118          0X40,0X00,0X80,0X06,0X40,0X50,0X00,0XB0,0X00,0X60,0X14,0X00,0X38,0X00,0X00,0X04,
 119          0X40,0X8D,0X00,0X06,0X00,0X50,0X00,0XE0,0X00,0XE0,0X14,0X00,0XF8,0X00,0X00,0X04,
 120          0X40,0XC3,0X00,0X06,0X00,0X50,0X27,0XE0,0X00,0X60,0X14,0X0C,0XE0,0X00,0X7F,0X04,
 121          0X40,0X8F,0XC0,0X06,0X80,0X50,0X37,0XD0,0X00,0X60,0X14,0X0C,0XDC,0X07,0XFF,0X84,
 122          0X40,0XB7,0XE0,0X07,0X80,0X50,0X37,0XD8,0X00,0X60,0X14,0X00,0XFC,0X07,0X3B,0X84,
 123          0X41,0XFF,0XC0,0X3F,0X80,0X50,0X07,0XF0,0X00,0X60,0X14,0X00,0XF8,0X06,0XFB,0X84,
 124          0X43,0XDF,0XC0,0X3E,0X00,0X50,0X17,0XF0,0X04,0X6E,0X14,0X19,0XB8,0X06,0XDB,0X84,
 125          0X43,0XCF,0X80,0X3E,0X00,0X50,0X7F,0XF0,0X0C,0X67,0X14,0X09,0XFC,0X06,0XFB,0X04,
 126          0X41,0XCF,0X80,0X0F,0X00,0X90,0XEF,0XF1,0X1C,0X63,0X24,0X0C,0X6C,0X02,0X43,0X08,
 127          0X43,0X8F,0X80,0X19,0X80,0X90,0X5B,0XF3,0X18,0XE0,0X24,0X1F,0X84,0X03,0XFB,0X08,
 128          0X23,0X0F,0X80,0X30,0XE1,0X08,0X31,0XCF,0X03,0XC0,0X42,0X1F,0XF0,0X03,0XEF,0X10,
 129          0X1C,0X0F,0X80,0XE0,0X7E,0X07,0X00,0X07,0X00,0XC1,0X81,0XC0,0X1F,0X80,0X06,0X60,
 130          0X03,0XFF,0XFF,0XFF,0XFC,0X00,0XFF,0XFF,0XFF,0XFE,0X00,0X3F,0XFF,0XFF,0XFF,0X80,
 131          0X00,0X00,0X80,0X00,0X00,0X00,0X00,0X00,0X00,0X00,0X00,0X00,0X00,0X00,0X00,0X00,
 132          };
 133          const unsigned char code xjtu_image1[1024] = { /* 0X00,0X01,0X80,0X00,0X40,0X00, */
 134          0X60,0X00,0XD6,0XFD,0X67,0X80,0X08,0X00,0X00,0X00,0X00,0X10,0X00,0X94,0XBC,0X00,
 135          0XBF,0X00,0X87,0XDF,0X8D,0X00,0X5C,0X00,0X00,0X00,0X00,0X06,0X01,0XE6,0X98,0X00,
 136          0XEC,0X01,0XFF,0X17,0X09,0XA2,0X7F,0X80,0X00,0X00,0X00,0XDE,0X07,0XC1,0XB0,0X00,
 137          0XC5,0X03,0XFF,0XEB,0XC8,0X7F,0X7B,0X84,0X00,0X00,0X25,0X8B,0XF8,0X01,0XA0,0X00,
 138          0X80,0X6F,0XFF,0X79,0X5F,0XB7,0X47,0X9C,0X00,0X00,0X04,0X0D,0XE0,0X61,0X80,0X00,
 139          0XC3,0XD7,0XFF,0XFB,0XBF,0X03,0X03,0X27,0XC8,0X00,0X28,0XFB,0XF0,0X40,0X1C,0X00,
 140          0XD7,0XFF,0XFF,0X7F,0X38,0X1F,0XE1,0XBE,0X08,0X00,0X35,0XC0,0XC0,0X00,0X1C,0X00,
 141          0XFF,0XFF,0XE1,0XFE,0XDC,0X00,0X11,0X71,0X08,0X00,0X42,0X0A,0X00,0X41,0XDC,0X40,
 142          0XFF,0XFF,0XFF,0X7D,0XDC,0X10,0X61,0XED,0X58,0X00,0X02,0X00,0X20,0X83,0XD9,0XC0,
 143          0XFF,0XFF,0XFF,0XFE,0XDF,0X68,0X13,0XFD,0X04,0X00,0X04,0X00,0X40,0X1D,0XC5,0XCF,
 144          0XFF,0XFF,0XFF,0XFF,0XFA,0X76,0X77,0X6E,0XB7,0X80,0X00,0X00,0X00,0XF5,0X1C,0XC0,
 145          0XFF,0XFF,0XFF,0XFF,0XFB,0XFF,0XA1,0X13,0XF3,0X80,0X00,0X00,0X01,0XDC,0X6C,0X81,
 146          0XFF,0XFF,0XFF,0XFF,0XFF,0XFF,0XE3,0X63,0XA3,0XC0,0X00,0X00,0X0E,0XC3,0X6C,0X07,
 147          0XFF,0XFF,0XFF,0XFF,0XFF,0XFF,0XF1,0XE1,0X40,0X40,0X00,0X00,0X7E,0XD7,0X60,0X1F,
 148          0XFF,0XFF,0XFF,0XFF,0XFF,0XFF,0XFD,0X8F,0X80,0X00,0X00,0X03,0X6C,0X3B,0X80,0X7F,
 149          0XFF,0XFF,0XFF,0XFF,0XFF,0XFF,0XFF,0XEF,0X83,0X00,0X00,0X0F,0XF3,0XBB,0X03,0XFF,
 150          0XFF,0XF8,0XFF,0XF9,0XFF,0XFF,0X7F,0XE6,0X3C,0X00,0X00,0X0D,0X0F,0XB8,0X0F,0XFF,
 151          0XFF,0X78,0XFF,0XFB,0XBF,0XFE,0XFB,0XF9,0X7F,0XF0,0X00,0X08,0XFB,0X80,0X7F,0XFF,
 152          0XFF,0XE9,0XEC,0XFF,0XFF,0X1E,0XC5,0XF2,0XFE,0X00,0X00,0X07,0X58,0X03,0XFF,0XFF,
 153          0XFF,0XF3,0XE7,0XFF,0XFF,0X9F,0XC4,0XEF,0X80,0X00,0X00,0X57,0X40,0X1F,0XFF,0XFF,
 154          0XFF,0XE3,0XEF,0XFF,0XFF,0X07,0XFA,0XE0,0X00,0X00,0X00,0X75,0X00,0XFF,0XFF,0XFF,
 155          0X82,0X73,0XF7,0XFF,0XFF,0X00,0X00,0X00,0X00,0X00,0X00,0X30,0X0F,0XFF,0XFF,0XFF,
 156          0X00,0X00,0X00,0X00,0X00,0X00,0X10,0X00,0X00,0X00,0X00,0X00,0XFF,0XFF,0XFF,0XF0,
 157          0X00,0X00,0X01,0X00,0X20,0X30,0X78,0X00,0X00,0X00,0X00,0X1F,0XFF,0XFF,0XFF,0XC0,
 158          0X00,0X00,0X03,0XC0,0XE0,0X38,0X7C,0X00,0X00,0X00,0X03,0XDF,0XF7,0XFF,0XFF,0XC0,
 159          0X00,0X00,0X07,0X80,0X60,0X60,0XF8,0X00,0X00,0X00,0X7F,0X8F,0XFF,0XFC,0XFF,0X80,
 160          0X00,0X00,0X03,0X01,0XE0,0X78,0XF8,0X00,0X00,0X0F,0XFF,0X8F,0XF8,0X51,0XFF,0XCE,
 161          0X00,0X00,0X07,0X01,0XF0,0X90,0X70,0X00,0X0F,0XFF,0XFF,0X9E,0X00,0X03,0XFF,0XFC,
 162          0X00,0X00,0X19,0X80,0X31,0X00,0X30,0X3F,0XFF,0XFF,0XFF,0XE0,0X00,0X03,0XFF,0XDA,
 163          0X00,0X00,0X00,0X00,0X00,0X1F,0XFF,0XFF,0XFF,0XFF,0XFE,0X00,0X00,0X0F,0XFF,0XD0,
 164          0XFF,0XFF,0XFF,0XFF,0XFE,0X7F,0XFF,0XFF,0XFF,0XDF,0XFC,0X00,0X00,0X1F,0XFF,0XC1,
 165          0XFF,0XFF,0XFF,0XFF,0XFE,0X7F,0XFF,0XF8,0X02,0X0F,0XFF,0XC0,0X01,0XFF,0XFF,0XFE,
 166          0XFF,0XFF,0XFF,0XFF,0XFF,0XFC,0X80,0X00,0X00,0X0F,0XFF,0X20,0X00,0X7F,0XFF,0XFF,
 167          0XFF,0XFF,0XFF,0XFF,0X9E,0X00,0X80,0X00,0X1E,0X27,0XDF,0X40,0X01,0XFF,0XFF,0XFF,
 168          0XFF,0XFF,0XFF,0XFF,0X9F,0X00,0X80,0X03,0X7F,0XEB,0X07,0X60,0X03,0XFF,0XFF,0XFF,
 169          0XFF,0XFF,0XFF,0XFF,0XBE,0XC1,0X00,0X19,0XFF,0XF8,0X07,0XD4,0X01,0XFF,0XFF,0XFF,
 170          0XFF,0XFF,0XCF,0XFF,0XBF,0X02,0X00,0X77,0XFF,0XFC,0X07,0XF7,0X8E,0XFF,0XFF,0XFF,
 171          0XFF,0XFF,0XC1,0X78,0XBF,0X26,0X00,0XFF,0XFD,0XFC,0X07,0XFF,0XCB,0XFF,0XFF,0XFF,
 172          0XFF,0XFF,0XC0,0X00,0XBF,0XAC,0X00,0XFF,0XFF,0XFC,0X07,0XFF,0XE7,0XFF,0XFF,0XFF,
 173          0XFF,0XFF,0XC0,0X00,0XBF,0X3C,0X03,0XFF,0XFF,0XFC,0X07,0XFF,0XFF,0XFF,0XFF,0XFF,
 174          0XFF,0XFF,0X80,0X00,0X3F,0XF7,0XDF,0XFF,0XFF,0XFC,0X07,0XF7,0XFF,0XFF,0XFF,0XEF,
 175          0XFF,0XF5,0XFF,0XF8,0X3F,0XEF,0XCF,0XFF,0XFF,0XFE,0X0F,0XFF,0XBF,0XF0,0X00,0X03,
 176          0XFF,0XEF,0XFF,0XFC,0X3F,0XFF,0XFF,0XFF,0XFF,0XFE,0X08,0X00,0X82,0X9F,0XFF,0XFF,
 177          0XFF,0XEF,0XFF,0XFC,0X3F,0XFF,0XFF,0XFF,0XF8,0X26,0X0F,0XF8,0X37,0XDF,0XFF,0XFF,
 178          0XFF,0XEF,0XFF,0XFC,0X3F,0XFF,0XFF,0XFF,0XDE,0X2E,0X0D,0XF8,0X3F,0X5F,0XFF,0XFF,
C51 COMPILER V9.52.0.0   WHITE                                                             03/03/2025 19:03:33 PAGE 4   

 179          0XFF,0XEF,0XFF,0XFC,0XBF,0XFF,0XFF,0XFF,0X50,0X20,0X0B,0XFC,0X0F,0XCF,0XFF,0XFF,
 180          0XFF,0XEF,0XFF,0XFC,0X3D,0XBF,0XFE,0XFF,0X90,0X24,0X01,0XC0,0X5F,0XC0,0X00,0X1E,
 181          0XFF,0XEF,0XFF,0XFC,0X36,0X1F,0XFF,0XFF,0XD0,0X2C,0X0C,0X00,0X40,0X00,0X00,0X0A,
 182          0XFF,0XCC,0X00,0X00,0X3E,0XBF,0XEF,0X8B,0XDE,0X20,0X08,0X00,0X62,0X00,0X01,0X07,
 183          0XFF,0XC0,0X00,0X00,0XFF,0XD1,0X0F,0XE0,0X0F,0XFF,0XF8,0XC3,0XE0,0X00,0X00,0X17,
 184          0XFF,0XF8,0X00,0X07,0XFF,0XFC,0X00,0X18,0X01,0XFE,0X00,0X00,0X00,0X00,0X00,0X00,
 185          0XFF,0XF8,0X0F,0XFF,0XF0,0X00,0X30,0X18,0X7C,0X7C,0X00,0X00,0X00,0X00,0X00,0X00,
 186          0XFF,0XFF,0XFF,0XF2,0XFF,0XFF,0XFF,0XFF,0XFC,0X3F,0XFF,0XFF,0XF8,0X00,0X00,0X00,
 187          0XFF,0XFF,0XFF,0XE3,0XFF,0XFD,0XF7,0XFF,0XFE,0X1F,0XFF,0XF4,0X00,0XAF,0XFF,0XFF,
 188          0XFF,0XC7,0XFF,0XFF,0XEF,0XFF,0XFF,0XFF,0XFF,0X0F,0XC0,0XFF,0X60,0X31,0XFF,0XFF,
 189          0XFF,0X8F,0XFF,0X7F,0XFF,0XFF,0XFF,0XFF,0XFC,0X03,0XFF,0XFF,0XC0,0X4B,0XFF,0XFF,
 190          0XFF,0XFF,0X83,0XFF,0XFF,0XFF,0XFE,0X00,0X3F,0X83,0XFF,0XFF,0XE6,0X03,0XFF,0XFF,
 191          0XFF,0XF8,0X00,0XFF,0XFF,0XFC,0X00,0X7F,0XFF,0X81,0XFF,0XFF,0XF8,0X1F,0XFF,0XFF,
 192          0XC0,0X00,0X7F,0XFF,0XF8,0X01,0XFF,0XFF,0XFF,0XC0,0XFF,0XFF,0XE0,0X0F,0XFF,0XFF,
 193          0XFF,0XFF,0XFF,0XF0,0X0F,0XFF,0XE0,0X7F,0XFF,0XE0,0X7F,0XFF,0XCF,0X03,0XFF,0XFF,
 194          0XFF,0XFF,0X00,0X1F,0XFF,0XFF,0XC3,0XFF,0XFF,0XE0,0X3F,0XFF,0XF3,0XFF,0XFF,0XFF,
 195          0XFC,0X00,0X7F,0XFF,0XFF,0XFD,0XFC,0XFF,0XFF,0XE0,0X1F,0XFF,0X9E,0X0F,0XFF,0XFF,
 196          0X07,0XFF,0XFF,0XFF,0XFF,0XFF,0XC3,0XFF,0XFF,0XF0,0X0F,0XFF,0XF0,0X1F,0XFF,0XFF,
 197          0X00,0X00,0X0F,0XFF,0XFF,0XFF,0XC7,0XFF,0XFF,0XF8,0X07,0XFF,0XEC,0X1F,0XFF,0XFF,
 198          };
 199          const unsigned char code xjtu_image2[1024] = { /* 0X00,0X01,0X80,0X00,0X40,0X00, */
 200          0X00,0X00,0X00,0X00,0X00,0X00,0X00,0X00,0X00,0X00,0X00,0X00,0X00,0X00,0X00,0X00,
 201          0X00,0X00,0X00,0X00,0X00,0X00,0X00,0X00,0X00,0X00,0X00,0X00,0X00,0X00,0X00,0X00,
 202          0X00,0X00,0X00,0X00,0X00,0X00,0X00,0X00,0X00,0X00,0X00,0X00,0X00,0X00,0X00,0X00,
 203          0X00,0X00,0X00,0X00,0X00,0X00,0X00,0X00,0X00,0X00,0X00,0X00,0X00,0X00,0X00,0X00,
 204          0X00,0X00,0X00,0X00,0X00,0X00,0X00,0X00,0X00,0X00,0X00,0X00,0X00,0X00,0X00,0X00,
 205          0X00,0X00,0X00,0X00,0X00,0X00,0X00,0X00,0X00,0X00,0X00,0X00,0X00,0X00,0X00,0X00,
 206          0X00,0X00,0X00,0X00,0X00,0X00,0X00,0X00,0X00,0X00,0X00,0X00,0X00,0X00,0X00,0X00,
 207          0X00,0X00,0X00,0X00,0X00,0X00,0X00,0X00,0X00,0X00,0X00,0X00,0X00,0X00,0X00,0X00,
 208          0X00,0X00,0X00,0X00,0X00,0X00,0X00,0X00,0X00,0X00,0X00,0X00,0X00,0X00,0X00,0X00,
 209          0X00,0X00,0X00,0X00,0X00,0X00,0X00,0X00,0X00,0X00,0X00,0X00,0X00,0X00,0X00,0X00,
 210          0X00,0X00,0X00,0X00,0X00,0X00,0X00,0X00,0X00,0X00,0X00,0X00,0X00,0X00,0X00,0X00,
 211          0X00,0X00,0X00,0X00,0X00,0X00,0X08,0X00,0X00,0X00,0X00,0X00,0X00,0X00,0X00,0X00,
 212          0X00,0X00,0X00,0X00,0X00,0X00,0X08,0X00,0X00,0X00,0X00,0X00,0X00,0X00,0X00,0X00,
 213          0X00,0X00,0X00,0X00,0X00,0X00,0X18,0XFC,0X40,0X00,0X00,0X00,0X00,0X00,0X00,0X00,
 214          0X00,0X00,0X00,0X00,0X00,0X00,0X18,0XFC,0X40,0X00,0X00,0X00,0X00,0X00,0X00,0X00,
 215          0X00,0X00,0X00,0X00,0X00,0X00,0X18,0XFC,0X40,0X00,0X00,0X00,0X00,0X00,0X00,0X00,
 216          0X00,0X00,0X00,0X00,0X00,0X00,0X18,0X00,0X40,0X00,0X00,0X00,0X00,0X00,0X00,0X00,
 217          0X00,0X00,0X00,0X00,0X00,0X00,0X00,0X08,0X00,0X00,0X00,0X00,0X00,0X00,0X00,0X00,
 218          0X00,0X00,0X00,0X00,0X00,0X00,0X00,0X00,0X00,0X00,0X00,0X00,0X00,0X00,0X00,0X00,
 219          0X00,0X00,0X00,0X00,0X00,0X00,0X00,0X00,0X00,0X00,0X00,0X00,0X00,0X00,0X00,0X00,
 220          0X00,0X00,0X01,0XFF,0XFF,0XFF,0XFC,0X40,0X00,0X00,0X00,0X00,0X00,0X00,0X00,0X00,
 221          0X00,0X00,0X00,0X3F,0XFF,0XFF,0XFF,0XFF,0XFF,0XFF,0XFF,0XFC,0X00,0X00,0X00,0X00,
 222          0X00,0X00,0X00,0X00,0X00,0X00,0X00,0X00,0X2F,0XFF,0XFF,0XE0,0X00,0X00,0X00,0X00,
 223          0X00,0X00,0X00,0X00,0X00,0X00,0X00,0X00,0X00,0X00,0X00,0X00,0X00,0X00,0X00,0X00,
 224          0XE4,0X00,0X00,0X0F,0XC0,0X7F,0XFF,0X88,0X00,0X00,0X08,0X00,0X00,0X00,0X00,0X00,
 225          0XFF,0X00,0X00,0X0F,0XC0,0X00,0X00,0X00,0X00,0X00,0X1F,0X80,0X00,0X00,0X00,0X00,
 226          0XFF,0XC0,0X03,0XFF,0XFF,0XFF,0XFF,0XFF,0XFC,0X00,0X1F,0X80,0X00,0X00,0X00,0X07,
 227          0XFF,0XFE,0XFB,0XFF,0XF9,0XFF,0XFF,0XFF,0XFD,0XC0,0X1F,0X80,0X00,0XC0,0X42,0X0F,
 228          0XFF,0XFF,0XFF,0XFF,0XF9,0XFF,0XFF,0XFF,0XFF,0XF8,0X1F,0XBF,0XE7,0XDF,0X9F,0X3F,
 229          0XFF,0XFF,0XFB,0XFF,0XFF,0XFF,0XFF,0XFF,0XFF,0XFF,0XFF,0XFF,0XFF,0XFF,0XFF,0XFF,
 230          0XDF,0XB0,0X6F,0X30,0X84,0X00,0X3F,0XFF,0XFF,0XFF,0XFF,0XFF,0XFB,0XFF,0XFF,0XFF,
 231          0X7F,0XFF,0XDF,0XF1,0XEF,0XFB,0XE5,0XCF,0X22,0X04,0X7E,0X05,0XE7,0XFF,0XFF,0XFF,
 232          0XFF,0X0F,0XCF,0X8F,0X17,0XDD,0X8B,0XF8,0X87,0X9F,0XFF,0XFF,0XFF,0XFF,0XFF,0XFF,
 233          0XFF,0X5F,0X26,0X7F,0XE4,0X07,0X05,0XDA,0X13,0X90,0X86,0X20,0X36,0XB4,0X2D,0XFE,
 234          0XFC,0X1D,0X3F,0XBF,0X1F,0X3E,0XF9,0XFC,0X1B,0XF9,0X86,0X04,0X8A,0X09,0X0D,0X7F,
 235          0XFA,0X7F,0X7E,0X0E,0X48,0XCF,0X9C,0X6F,0X33,0XF1,0X86,0X04,0X02,0X2A,0XB3,0XFF,
 236          0XFF,0XFD,0XFF,0XCF,0X9F,0XFF,0X9F,0X7C,0X04,0XFF,0XFF,0XFF,0XFF,0XFF,0XF7,0XFF,
 237          0XFF,0XFF,0XFF,0XF3,0XFF,0XEB,0XFF,0XFF,0XFE,0XFE,0X3F,0XFF,0XFF,0XFF,0XFF,0XFF,
 238          0XFF,0XFF,0XFF,0X3F,0XFE,0XBF,0XBF,0XFF,0XFD,0X38,0X7F,0XFF,0XFF,0XFF,0XFF,0XFF,
 239          0X9F,0XFF,0XFC,0X7F,0XFF,0XF3,0XDF,0XFF,0X9A,0X42,0X6F,0XFF,0XFF,0X7F,0XFF,0XFF,
 240          0XBF,0XFF,0XFC,0XFF,0XFF,0XF3,0XFF,0XF7,0X9F,0XFF,0XFC,0XFF,0XFF,0XCF,0XFF,0XFF,
C51 COMPILER V9.52.0.0   WHITE                                                             03/03/2025 19:03:33 PAGE 5   

 241          0XFF,0XFF,0XFF,0XFF,0XFF,0XFF,0XFF,0XE5,0XFC,0XEF,0X7F,0XFF,0XFF,0XC7,0XFF,0XFC,
 242          0XFF,0XFF,0XFF,0XFF,0XFF,0XFF,0XE7,0XE5,0XFF,0XFF,0XFF,0XFF,0XFF,0XFF,0XFF,0XFF,
 243          0X01,0XFF,0XFF,0X8E,0XFF,0XCF,0XE3,0X3C,0XFF,0XFF,0XFF,0XFF,0XFF,0XFF,0XFF,0XFF,
 244          0XFF,0XFF,0XFF,0XFF,0XFF,0X3E,0X02,0X7F,0XE0,0X01,0XE0,0X00,0X00,0X00,0X1F,0XFF,
 245          0XFF,0XFF,0XFF,0XF8,0X00,0X33,0XC2,0X7F,0XC3,0XFF,0XC0,0X00,0X00,0XF8,0X1F,0XD1,
 246          0XFF,0XE0,0X00,0X80,0X00,0X00,0X02,0X7E,0X93,0XFC,0X00,0X00,0X00,0X07,0XFF,0XFF,
 247          0XFF,0XFF,0XFF,0XF0,0X00,0X00,0X00,0X1E,0X00,0X00,0X00,0X00,0X20,0X00,0X03,0XFF,
 248          0XFF,0XFF,0XFF,0XFE,0X00,0X00,0X09,0X9E,0X00,0X00,0X00,0X1F,0X80,0X00,0X00,0X00,
 249          0XFF,0XFF,0XFF,0XFC,0X20,0X00,0X00,0X9E,0XE0,0X63,0XF8,0X00,0XFE,0X1F,0XFF,0XFF,
 250          0XFF,0XFF,0XFF,0X00,0X00,0X80,0XC4,0XFF,0XF0,0X3F,0XFF,0X01,0X3F,0XC0,0XFF,0XFF,
 251          0XFF,0XFF,0XFF,0XFF,0X87,0XE3,0XC4,0XFF,0XF0,0X1F,0XFF,0XE0,0X0F,0XFD,0XFF,0XFF,
 252          0XFF,0XFF,0XFF,0XFF,0X7F,0XDF,0XFF,0XFF,0XF8,0X1F,0XFF,0XFF,0XFF,0XFF,0XFF,0XFF,
 253          0XFF,0XFF,0XFF,0XFF,0XFF,0XFF,0XFF,0XFF,0XF8,0X0F,0XFF,0XFF,0XFF,0XFF,0XFF,0XFF,
 254          0XFF,0XFF,0XFF,0XFB,0XFF,0XFF,0XFF,0XFF,0XFC,0X07,0XFF,0XFF,0XFF,0XFF,0XFF,0XFF,
 255          0XFF,0XFF,0XFF,0XFF,0XFF,0XFF,0XFF,0XFF,0XFC,0X03,0XFF,0XFF,0XFF,0XFF,0XFF,0XFF,
 256          0XFF,0XFF,0XFF,0XFF,0XFF,0XFF,0XFF,0XFF,0XFE,0X01,0XFF,0XFF,0XFF,0XFF,0XFF,0XFF,
 257          0XFF,0XFF,0XFF,0XFF,0XFF,0XFF,0XFF,0XFF,0XFF,0X00,0XFF,0XFF,0XFF,0XFF,0XFF,0XFF,
 258          0XFF,0XFF,0X93,0XFF,0XFF,0XFF,0XFF,0XFF,0XFF,0X48,0X7F,0XFF,0XFF,0XFF,0XFF,0XFF,
 259          0XFF,0XFF,0XFF,0XFF,0XFF,0XFF,0XFF,0XFF,0XFF,0X86,0XFF,0XFF,0XFF,0XFF,0XFF,0XFF,
 260          0XFF,0XFF,0XFF,0XFF,0XFF,0XFF,0XFF,0XFF,0XFF,0XC2,0X1F,0XFF,0XFF,0XFF,0XFF,0XFF,
 261          0XFF,0XFF,0XFF,0XFF,0XFF,0XFF,0XFF,0XFF,0XFF,0XE1,0X0F,0XFF,0XFF,0XFF,0XFF,0XFF,
 262          0XFF,0XFF,0XFF,0XFF,0XFF,0XFF,0XFF,0XFF,0XFF,0XC1,0X0F,0XFF,0XFF,0XFF,0XFF,0XFF,
 263          0XFF,0XFF,0XFF,0XFF,0XFF,0XFF,0XFF,0XFF,0XFF,0XF0,0X83,0XFF,0XFF,0XFF,0XFF,0XFF,
 264          };
 265          const unsigned char code xjtu_image3[512] = {  /* 0X00,0X01,0X40,0X00,0X40,0X00, */
 266          0X00,0X00,0X00,0X00,0X00,0X00,0X00,0X00,0X00,0X00,0X00,0X00,0X00,0X00,0X00,0X00,
 267          0X00,0X00,0X00,0X00,0X00,0X00,0X00,0X00,0X00,0X00,0X00,0X00,0X00,0X00,0X00,0X00,
 268          0X00,0X00,0X00,0X01,0X80,0X00,0X00,0X00,0X00,0X00,0X00,0X70,0X0F,0X00,0X00,0X00,
 269          0X00,0X00,0X03,0X00,0X00,0XE0,0X00,0X00,0X00,0X00,0X08,0X00,0X00,0X18,0X00,0X00,
 270          0X00,0X00,0X20,0X00,0X00,0X04,0X00,0X00,0X00,0X00,0XC0,0X00,0X03,0X01,0X00,0X00,
 271          0X00,0X01,0X22,0X00,0X02,0X10,0X80,0X00,0X00,0X02,0X03,0X80,0X04,0XD1,0X40,0X00,
 272          0X00,0X04,0X10,0X20,0X0B,0X60,0XA0,0X00,0X00,0X0A,0X04,0X00,0X02,0XA0,0X50,0X00,
 273          0X00,0X10,0X08,0X00,0X00,0X00,0X28,0X00,0X00,0X20,0X08,0X19,0X88,0X00,0X14,0X00,
 274          0X00,0X20,0X00,0X19,0X98,0X00,0X02,0X00,0X00,0X40,0X01,0X9F,0XFC,0XC0,0X02,0X00,
 275          0X00,0X88,0X01,0XF0,0X0F,0X80,0X01,0X00,0X00,0X80,0X09,0XC0,0X01,0X80,0X10,0X80,
 276          0X01,0X18,0X1F,0X00,0X00,0XF8,0X94,0X80,0X01,0X02,0X0E,0X00,0X00,0X30,0X24,0X00,
 277          0X02,0X26,0X0C,0X00,0XE0,0X10,0X1C,0X40,0X02,0X04,0X78,0X3E,0XB0,0X1E,0X04,0X40,
 278          0X02,0X00,0X70,0X0E,0XA8,0X0F,0X00,0X20,0X00,0X00,0X30,0X12,0XAC,0X04,0X20,0X20,
 279          0X04,0X00,0X20,0X1E,0XA4,0X06,0X00,0X20,0X04,0X01,0XE0,0X12,0XA2,0X03,0X80,0X20,
 280          0X04,0X01,0XC0,0X10,0X02,0X03,0X80,0X00,0X04,0X00,0X40,0XEF,0XFB,0XE3,0X00,0X00,
 281          0X00,0X00,0X40,0XCF,0XFB,0XC3,0X00,0X10,0X00,0X00,0XC0,0XDF,0XFB,0X01,0X00,0X10,
 282          0X00,0X11,0XC0,0X0F,0XF8,0X01,0XC6,0X10,0X00,0X01,0XC0,0X07,0XE0,0X01,0X80,0X10,
 283          0X00,0X00,0X40,0X47,0XE0,0X03,0X00,0X10,0X04,0X30,0X40,0X47,0XE0,0X03,0X0C,0X00,
 284          0X04,0X01,0XC0,0X07,0XF0,0X03,0X80,0X00,0X04,0X01,0XE0,0X8F,0XF8,0X03,0X80,0X00,
 285          0X04,0X00,0X20,0X1F,0XF8,0X06,0X00,0X20,0X00,0X08,0X20,0X00,0X80,0X04,0X00,0X20,
 286          0X02,0X10,0X73,0X30,0X06,0X0F,0X08,0X20,0X02,0X00,0X7F,0XB8,0X86,0X0E,0X00,0X40,
 287          0X02,0X04,0X0D,0X00,0X00,0X10,0X00,0X40,0X01,0X00,0X0F,0XFF,0XFF,0XF0,0X30,0X40,
 288          0X01,0X08,0X1F,0X00,0X00,0X78,0X00,0X80,0X00,0X80,0X09,0X80,0X01,0X90,0X40,0X80,
 289          0X00,0XA1,0X01,0XE0,0X07,0X80,0X21,0X00,0X00,0X42,0X01,0X9F,0XFD,0XC0,0X00,0X00,
 290          0X00,0X40,0X80,0X19,0XD8,0X01,0X8A,0X00,0X00,0X28,0X00,0X19,0X8C,0X04,0X14,0X00,
 291          0X00,0X14,0X20,0X01,0X80,0X02,0X08,0X00,0X00,0X0A,0X28,0X00,0X00,0X38,0X10,0X00,
 292          0X00,0X05,0X00,0X00,0X00,0X00,0X30,0X00,0X00,0X02,0X02,0X00,0X01,0X01,0X60,0X00,
 293          0X00,0X01,0X00,0XA1,0X20,0X00,0X80,0X00,0X00,0X00,0XC0,0X00,0XA0,0X01,0X00,0X00,
 294          0X00,0X00,0X20,0X00,0X00,0X06,0X00,0X00,0X00,0X00,0X18,0X00,0X00,0X18,0X00,0X00,
 295          0X00,0X00,0X03,0X00,0X00,0X60,0X00,0X00,0X00,0X00,0X00,0XE0,0X07,0X00,0X00,0X00,
 296          0X00,0X00,0X00,0X07,0XF0,0X00,0X00,0X00,0X00,0X00,0X00,0X00,0X00,0X00,0X00,0X00,
 297          0X00,0X00,0X00,0X00,0X00,0X00,0X00,0X00,0X00,0X00,0X00,0X00,0X00,0X00,0X00,0X00,
 298          };
 299          
 300          const unsigned char code gImage_lock1[1024] = { /* 0X00,0X01,0X80,0X00,0X40,0X00, */
 301          0X00,0X00,0X00,0X00,0X00,0X00,0X00,0X00,0X00,0X00,0X00,0X00,0X00,0X00,0X00,0X00,
 302          0X00,0X00,0X00,0X00,0X00,0X00,0X00,0X00,0X00,0X00,0X00,0X00,0X00,0X00,0X00,0X00,
C51 COMPILER V9.52.0.0   WHITE                                                             03/03/2025 19:03:33 PAGE 6   

 303          0X00,0X00,0X00,0X00,0X00,0X00,0X00,0X00,0X00,0X00,0X00,0X00,0X00,0X00,0X00,0X00,
 304          0X00,0X00,0X00,0X00,0X00,0X00,0X00,0X00,0X00,0X00,0X00,0X00,0X00,0X00,0X00,0X00,
 305          0X00,0X00,0X00,0X00,0X00,0X00,0X00,0X00,0X00,0X00,0X00,0X00,0X00,0X00,0X00,0X00,
 306          0X00,0X00,0X00,0X00,0X00,0X00,0X00,0X00,0X00,0X00,0X00,0X00,0X00,0X00,0X00,0X00,
 307          0X00,0X00,0X00,0X00,0X00,0X00,0X00,0X00,0X00,0X00,0X00,0X00,0X00,0X00,0X00,0X00,
 308          0X00,0X00,0X00,0X00,0X00,0X00,0X00,0X00,0X00,0X00,0X00,0X00,0X00,0X00,0X00,0X00,
 309          0X00,0X00,0X00,0X00,0X00,0X00,0X00,0X03,0XE0,0X00,0X00,0X00,0X00,0X00,0X00,0X00,
 310          0X00,0X00,0X00,0X00,0X00,0X00,0X00,0X0F,0XFC,0X00,0X00,0X00,0X00,0X00,0X00,0X00,
 311          0X00,0X00,0X00,0X00,0X00,0X00,0X00,0X3F,0XFE,0X00,0X00,0X00,0X00,0X00,0X00,0X00,
 312          0X00,0X00,0X00,0X00,0X00,0X00,0X00,0X7E,0X3F,0X00,0X00,0X00,0X00,0X00,0X00,0X00,
 313          0X00,0X00,0X00,0X00,0X00,0X00,0X00,0XF8,0X0F,0X80,0X00,0X00,0X00,0X00,0X00,0X00,
 314          0X00,0X00,0X00,0X00,0X00,0X00,0X01,0XF0,0X03,0XC0,0X00,0X00,0X00,0X00,0X00,0X00,
 315          0X00,0X00,0X00,0X00,0X00,0X00,0X03,0XC0,0X01,0XE0,0X00,0X00,0X00,0X00,0X00,0X00,
 316          0X00,0X00,0X00,0X00,0X00,0X00,0X03,0X80,0X00,0XF0,0X00,0X00,0X00,0X00,0X00,0X00,
 317          0X00,0X00,0X00,0X00,0X00,0X00,0X07,0X80,0X00,0X78,0X00,0X00,0X00,0X00,0X00,0X00,
 318          0X00,0X00,0X00,0X00,0X00,0X00,0X0F,0X00,0X00,0X78,0X00,0X00,0X00,0X00,0X00,0X00,
 319          0X00,0X00,0X00,0X00,0X00,0X00,0X1E,0X00,0X00,0X3C,0X00,0X00,0X00,0X00,0X00,0X00,
 320          0X00,0X00,0X00,0X00,0X00,0X00,0X1C,0X00,0X00,0X1E,0X00,0X00,0X00,0X00,0X00,0X00,
 321          0X00,0X00,0X00,0X00,0X00,0X00,0X3C,0X00,0X00,0X0E,0X00,0X00,0X00,0X00,0X00,0X00,
 322          0X00,0X00,0X00,0X00,0X00,0X00,0X78,0X00,0X00,0X0F,0X00,0X00,0X00,0X00,0X00,0X00,
 323          0X00,0X00,0X00,0X00,0X00,0X00,0X70,0X00,0X00,0X07,0X80,0X00,0X00,0X00,0X00,0X00,
 324          0X00,0X00,0X00,0X00,0X00,0X00,0XF0,0X00,0X00,0X03,0X80,0X00,0X00,0X00,0X00,0X00,
 325          0X00,0X00,0X00,0X00,0X00,0X01,0XE0,0X00,0X00,0X03,0XC0,0X00,0X00,0X00,0X00,0X00,
 326          0X00,0X00,0X00,0X00,0X00,0X01,0XC0,0X00,0X00,0X01,0XE0,0X00,0X00,0X00,0X00,0X00,
 327          0X00,0X00,0X00,0X00,0X00,0X03,0XC0,0X00,0X00,0X00,0XE0,0X00,0X00,0X00,0X00,0X00,
 328          0X00,0X00,0X00,0X00,0X00,0X07,0XFF,0XFF,0XFF,0XFF,0XF8,0X00,0X00,0X00,0X00,0X00,
 329          0X00,0X00,0X00,0X00,0X00,0X07,0XFF,0XFF,0XFF,0XFF,0XF8,0X00,0X00,0X00,0X00,0X00,
 330          0X00,0X00,0X00,0X00,0X00,0X07,0XFF,0XFF,0XFF,0XFF,0XF8,0X00,0X00,0X00,0X00,0X00,
 331          0X00,0X00,0X00,0X00,0X00,0X07,0X00,0X00,0X00,0X00,0X38,0X00,0X00,0X00,0X00,0X00,
 332          0X00,0X00,0X00,0X00,0X00,0X07,0X00,0X00,0X00,0X00,0X38,0X00,0X00,0X00,0X00,0X00,
 333          0X00,0X00,0X00,0X00,0X00,0X07,0X00,0X00,0X00,0X00,0X38,0X00,0X00,0X00,0X00,0X00,
 334          0X00,0X00,0X00,0X00,0X00,0X07,0X00,0X00,0X00,0X00,0X38,0X00,0X00,0X00,0X00,0X00,
 335          0X00,0X00,0X00,0X00,0X00,0X07,0X00,0X00,0X00,0X00,0X38,0X00,0X00,0X00,0X00,0X00,
 336          0X00,0X00,0X00,0X00,0X00,0X07,0X00,0X00,0X00,0X00,0X38,0X00,0X00,0X00,0X00,0X00,
 337          0X00,0X00,0X00,0X00,0X00,0X07,0X00,0X00,0X00,0X00,0X38,0X00,0X00,0X00,0X00,0X00,
 338          0X00,0X00,0X00,0X00,0X00,0X07,0X00,0X00,0X00,0X00,0X38,0X00,0X00,0X00,0X00,0X00,
 339          0X00,0X00,0X00,0X00,0X00,0X07,0X00,0X00,0X00,0X00,0X38,0X00,0X00,0X00,0X00,0X00,
 340          0X00,0X00,0X00,0X00,0X00,0X07,0X00,0X00,0X00,0X00,0X38,0X00,0X00,0X00,0X00,0X00,
 341          0X00,0X00,0X00,0X00,0X00,0X07,0X00,0X00,0X00,0X00,0X38,0X00,0X00,0X00,0X00,0X00,
 342          0X00,0X00,0X00,0X00,0X00,0X07,0X00,0X00,0X00,0X00,0X38,0X00,0X00,0X00,0X00,0X00,
 343          0X00,0X00,0X00,0X00,0X00,0X07,0X00,0X00,0X00,0X00,0X38,0X00,0X00,0X00,0X00,0X00,
 344          0X00,0X00,0X00,0X00,0X00,0X07,0X00,0X00,0X00,0X00,0X38,0X00,0X00,0X00,0X00,0X00,
 345          0X00,0X00,0X00,0X00,0X00,0X07,0X00,0X00,0X00,0X00,0X38,0X00,0X00,0X00,0X00,0X00,
 346          0X00,0X00,0X00,0X00,0X00,0X07,0X00,0X00,0X00,0X00,0X38,0X00,0X00,0X00,0X00,0X00,
 347          0X00,0X00,0X00,0X00,0X00,0X07,0X00,0X00,0X00,0X00,0X38,0X00,0X00,0X00,0X00,0X00,
 348          0X00,0X00,0X00,0X00,0X00,0X07,0X00,0X00,0X00,0X00,0X38,0X00,0X00,0X00,0X00,0X00,
 349          0X00,0X00,0X00,0X00,0X00,0X07,0X00,0X00,0X00,0X00,0X38,0X00,0X00,0X00,0X00,0X00,
 350          0X00,0X00,0X00,0X00,0X00,0X07,0X00,0X00,0X00,0X00,0X38,0X00,0X00,0X00,0X00,0X00,
 351          0X00,0X00,0X00,0X00,0X00,0X07,0X00,0X00,0X00,0X00,0X38,0X00,0X00,0X00,0X00,0X00,
 352          0X00,0X00,0X00,0X00,0X00,0X07,0XFF,0XFF,0XFF,0XFF,0XF8,0X00,0X00,0X00,0X00,0X00,
 353          0X00,0X00,0X00,0X00,0X00,0X07,0XFF,0XFF,0XFF,0XFF,0XF8,0X00,0X00,0X00,0X00,0X00,
 354          0X00,0X00,0X00,0X00,0X00,0X07,0XFF,0XFF,0XFF,0XFF,0XF8,0X00,0X00,0X00,0X00,0X00,
 355          0X00,0X00,0X00,0X00,0X00,0X00,0X00,0X00,0X00,0X00,0X00,0X00,0X00,0X00,0X00,0X00,
 356          0X00,0X00,0X00,0X00,0X00,0X00,0X00,0X00,0X00,0X00,0X00,0X00,0X00,0X00,0X00,0X00,
 357          0X00,0X00,0X00,0X00,0X00,0X00,0X00,0X00,0X00,0X00,0X00,0X00,0X00,0X00,0X00,0X00,
 358          0X00,0X00,0X00,0X00,0X00,0X00,0X00,0X00,0X00,0X00,0X00,0X00,0X00,0X00,0X00,0X00,
 359          0X00,0X00,0X00,0X00,0X00,0X00,0X00,0X00,0X00,0X00,0X00,0X00,0X00,0X00,0X00,0X00,
 360          0X00,0X00,0X00,0X00,0X00,0X00,0X00,0X00,0X00,0X00,0X00,0X00,0X00,0X00,0X00,0X00,
 361          0X00,0X00,0X00,0X00,0X00,0X00,0X00,0X00,0X00,0X00,0X00,0X00,0X00,0X00,0X00,0X00,
 362          0X00,0X00,0X00,0X00,0X00,0X00,0X00,0X00,0X00,0X00,0X00,0X00,0X00,0X00,0X00,0X00,
 363          0X00,0X00,0X00,0X00,0X00,0X00,0X00,0X00,0X00,0X00,0X00,0X00,0X00,0X00,0X00,0X00,
 364          0X00,0X00,0X00,0X00,0X00,0X00,0X00,0X00,0X00,0X00,0X00,0X00,0X00,0X00,0X00,0X00,
C51 COMPILER V9.52.0.0   WHITE                                                             03/03/2025 19:03:33 PAGE 7   

 365          };
 366          const unsigned char code gImage_lock2[1024] = { /* 0X00,0X01,0X80,0X00,0X40,0X00, */
 367          0X00,0X00,0X00,0X00,0X00,0X00,0X00,0X00,0X00,0X00,0X00,0X00,0X00,0X00,0X00,0X00,
 368          0X00,0X00,0X00,0X00,0X00,0X00,0X00,0X00,0X00,0X00,0X00,0X00,0X00,0X00,0X00,0X00,
 369          0X00,0X00,0X00,0X00,0X00,0X00,0X00,0X00,0X00,0X00,0X00,0X00,0X00,0X00,0X00,0X00,
 370          0X00,0X00,0X00,0X00,0X00,0X00,0X00,0X00,0X00,0X00,0X00,0X00,0X00,0X00,0X00,0X00,
 371          0X00,0X00,0X00,0X00,0X00,0X00,0X00,0X00,0X00,0X00,0X00,0X00,0X00,0X00,0X00,0X00,
 372          0X00,0X00,0X00,0X00,0X00,0X00,0X00,0X00,0X00,0X00,0X00,0X00,0X00,0X00,0X00,0X00,
 373          0X00,0X00,0X00,0X00,0X00,0X00,0X00,0X00,0X00,0X00,0X00,0X00,0X00,0X00,0X00,0X00,
 374          0X00,0X00,0X00,0X00,0X00,0X00,0X00,0X00,0X00,0X00,0X00,0X00,0X00,0X00,0X00,0X00,
 375          0X00,0X00,0X00,0X00,0X00,0X00,0X00,0X00,0X00,0X00,0X00,0X00,0X00,0X00,0X00,0X00,
 376          0X00,0X00,0X00,0X00,0X00,0X00,0X00,0X00,0X00,0X00,0X00,0X00,0X00,0X00,0X00,0X00,
 377          0X00,0X00,0X00,0X00,0X00,0X00,0X00,0X07,0XFC,0X00,0X00,0X00,0X00,0X00,0X00,0X00,
 378          0X00,0X00,0X00,0X00,0X00,0X00,0X00,0X1F,0XFF,0X00,0X00,0X00,0X00,0X00,0X00,0X00,
 379          0X00,0X00,0X00,0X00,0X00,0X00,0X00,0X7F,0XFF,0XC0,0X00,0X00,0X00,0X00,0X00,0X00,
 380          0X00,0X00,0X00,0X00,0X00,0X00,0X00,0XF8,0X07,0XF0,0X00,0X00,0X00,0X00,0X00,0X00,
 381          0X00,0X00,0X00,0X00,0X00,0X00,0X01,0XF0,0X01,0XF8,0X00,0X00,0X00,0X00,0X00,0X00,
 382          0X00,0X00,0X00,0X00,0X00,0X00,0X03,0XC0,0X00,0X7C,0X00,0X00,0X00,0X00,0X00,0X00,
 383          0X00,0X00,0X00,0X00,0X00,0X00,0X07,0X80,0X00,0X3E,0X00,0X00,0X00,0X00,0X00,0X00,
 384          0X00,0X00,0X00,0X00,0X00,0X00,0X0F,0X00,0X00,0X0F,0X80,0X00,0X00,0X00,0X00,0X00,
 385          0X00,0X00,0X00,0X00,0X00,0X00,0X0E,0X00,0X00,0X07,0XC0,0X00,0X00,0X00,0X00,0X00,
 386          0X00,0X00,0X00,0X00,0X00,0X00,0X1E,0X00,0X00,0X03,0XC0,0X00,0X00,0X00,0X00,0X00,
 387          0X00,0X00,0X00,0X00,0X00,0X00,0X3C,0X00,0X00,0X00,0X80,0X00,0X00,0X00,0X00,0X00,
 388          0X00,0X00,0X00,0X00,0X00,0X00,0X78,0X00,0X00,0X00,0X00,0X00,0X00,0X00,0X00,0X00,
 389          0X00,0X00,0X00,0X00,0X00,0X00,0X70,0X00,0X00,0X00,0X00,0X00,0X00,0X00,0X00,0X00,
 390          0X00,0X00,0X00,0X00,0X00,0X00,0XF0,0X00,0X00,0X00,0X00,0X00,0X00,0X00,0X00,0X00,
 391          0X00,0X00,0X00,0X00,0X00,0X01,0XE0,0X00,0X00,0X00,0X00,0X00,0X00,0X00,0X00,0X00,
 392          0X00,0X00,0X00,0X00,0X00,0X03,0XC0,0X00,0X00,0X00,0X00,0X00,0X00,0X00,0X00,0X00,
 393          0X00,0X00,0X00,0X00,0X00,0X03,0X80,0X00,0X00,0X00,0X00,0X00,0X00,0X00,0X00,0X00,
 394          0X00,0X00,0X00,0X00,0X00,0X07,0XFF,0XFF,0XFF,0XFF,0XF8,0X00,0X00,0X00,0X00,0X00,
 395          0X00,0X00,0X00,0X00,0X00,0X07,0XFF,0XFF,0XFF,0XFF,0XF8,0X00,0X00,0X00,0X00,0X00,
 396          0X00,0X00,0X00,0X00,0X00,0X07,0XFF,0XFF,0XFF,0XFF,0XF8,0X00,0X00,0X00,0X00,0X00,
 397          0X00,0X00,0X00,0X00,0X00,0X07,0X00,0X00,0X00,0X00,0X38,0X00,0X00,0X00,0X00,0X00,
 398          0X00,0X00,0X00,0X00,0X00,0X07,0X00,0X00,0X00,0X00,0X38,0X00,0X00,0X00,0X00,0X00,
 399          0X00,0X00,0X00,0X00,0X00,0X07,0X00,0X00,0X00,0X00,0X38,0X00,0X00,0X00,0X00,0X00,
 400          0X00,0X00,0X00,0X00,0X00,0X07,0X00,0X00,0X00,0X00,0X38,0X00,0X00,0X00,0X00,0X00,
 401          0X00,0X00,0X00,0X00,0X00,0X07,0X00,0X00,0X00,0X00,0X38,0X00,0X00,0X00,0X00,0X00,
 402          0X00,0X00,0X00,0X00,0X00,0X07,0X00,0X00,0X00,0X00,0X38,0X00,0X00,0X00,0X00,0X00,
 403          0X00,0X00,0X00,0X00,0X00,0X07,0X00,0X00,0X00,0X00,0X38,0X00,0X00,0X00,0X00,0X00,
 404          0X00,0X00,0X00,0X00,0X00,0X07,0X00,0X00,0X00,0X00,0X38,0X00,0X00,0X00,0X00,0X00,
 405          0X00,0X00,0X00,0X00,0X00,0X07,0X00,0X00,0X00,0X00,0X38,0X00,0X00,0X00,0X00,0X00,
 406          0X00,0X00,0X00,0X00,0X00,0X07,0X00,0X00,0X00,0X00,0X38,0X00,0X00,0X00,0X00,0X00,
 407          0X00,0X00,0X00,0X00,0X00,0X07,0X00,0X00,0X00,0X00,0X38,0X00,0X00,0X00,0X00,0X00,
 408          0X00,0X00,0X00,0X00,0X00,0X07,0X00,0X00,0X00,0X00,0X38,0X00,0X00,0X00,0X00,0X00,
 409          0X00,0X00,0X00,0X00,0X00,0X07,0X00,0X00,0X00,0X00,0X38,0X00,0X00,0X00,0X00,0X00,
 410          0X00,0X00,0X00,0X00,0X00,0X07,0X00,0X00,0X00,0X00,0X38,0X00,0X00,0X00,0X00,0X00,
 411          0X00,0X00,0X00,0X00,0X00,0X07,0X00,0X00,0X00,0X00,0X38,0X00,0X00,0X00,0X00,0X00,
 412          0X00,0X00,0X00,0X00,0X00,0X07,0X00,0X00,0X00,0X00,0X38,0X00,0X00,0X00,0X00,0X00,
 413          0X00,0X00,0X00,0X00,0X00,0X07,0X00,0X00,0X00,0X00,0X38,0X00,0X00,0X00,0X00,0X00,
 414          0X00,0X00,0X00,0X00,0X00,0X07,0X00,0X00,0X00,0X00,0X38,0X00,0X00,0X00,0X00,0X00,
 415          0X00,0X00,0X00,0X00,0X00,0X07,0X00,0X00,0X00,0X00,0X38,0X00,0X00,0X00,0X00,0X00,
 416          0X00,0X00,0X00,0X00,0X00,0X07,0X00,0X00,0X00,0X00,0X38,0X00,0X00,0X00,0X00,0X00,
 417          0X00,0X00,0X00,0X00,0X00,0X07,0X00,0X00,0X00,0X00,0X38,0X00,0X00,0X00,0X00,0X00,
 418          0X00,0X00,0X00,0X00,0X00,0X07,0XFF,0XFF,0XFF,0XFF,0XF8,0X00,0X00,0X00,0X00,0X00,
 419          0X00,0X00,0X00,0X00,0X00,0X07,0XFF,0XFF,0XFF,0XFF,0XF8,0X00,0X00,0X00,0X00,0X00,
 420          0X00,0X00,0X00,0X00,0X00,0X07,0XFF,0XFF,0XFF,0XFF,0XF8,0X00,0X00,0X00,0X00,0X00,
 421          0X00,0X00,0X00,0X00,0X00,0X00,0X00,0X00,0X00,0X00,0X00,0X00,0X00,0X00,0X00,0X00,
 422          0X00,0X00,0X00,0X00,0X00,0X00,0X00,0X00,0X00,0X00,0X00,0X00,0X00,0X00,0X00,0X00,
 423          0X00,0X00,0X00,0X00,0X00,0X00,0X00,0X00,0X00,0X00,0X00,0X00,0X00,0X00,0X00,0X00,
 424          0X00,0X00,0X00,0X00,0X00,0X00,0X00,0X00,0X00,0X00,0X00,0X00,0X00,0X00,0X00,0X00,
 425          0X00,0X00,0X00,0X00,0X00,0X00,0X00,0X00,0X00,0X00,0X00,0X00,0X00,0X00,0X00,0X00,
 426          0X00,0X00,0X00,0X00,0X00,0X00,0X00,0X00,0X00,0X00,0X00,0X00,0X00,0X00,0X00,0X00,
C51 COMPILER V9.52.0.0   WHITE                                                             03/03/2025 19:03:33 PAGE 8   

 427          0X00,0X00,0X00,0X00,0X00,0X00,0X00,0X00,0X00,0X00,0X00,0X00,0X00,0X00,0X00,0X00,
 428          0X00,0X00,0X00,0X00,0X00,0X00,0X00,0X00,0X00,0X00,0X00,0X00,0X00,0X00,0X00,0X00,
 429          0X00,0X00,0X00,0X00,0X00,0X00,0X00,0X00,0X00,0X00,0X00,0X00,0X00,0X00,0X00,0X00,
 430          0X00,0X00,0X00,0X00,0X00,0X00,0X00,0X00,0X00,0X00,0X00,0X00,0X00,0X00,0X00,0X00,
 431          };
 432          const unsigned char code gImage_lock3[1024] = { /* 0X00,0X01,0X80,0X00,0X40,0X00, */
 433          0X00,0X00,0X00,0X00,0X00,0X00,0X00,0X00,0X00,0X00,0X00,0X00,0X00,0X00,0X00,0X00,
 434          0X00,0X00,0X00,0X00,0X00,0X00,0X00,0X00,0X00,0X00,0X00,0X00,0X00,0X00,0X00,0X00,
 435          0X00,0X00,0X00,0X00,0X00,0X00,0X00,0X00,0X00,0X00,0X00,0X00,0X00,0X00,0X00,0X00,
 436          0X00,0X00,0X00,0X00,0X00,0X00,0X00,0X00,0X7E,0X00,0X00,0X00,0X00,0X00,0X00,0X00,
 437          0X00,0X00,0X00,0X00,0X00,0X00,0X01,0XFF,0XFE,0X00,0X00,0X00,0X00,0X00,0X00,0X00,
 438          0X00,0X00,0X00,0X00,0X00,0X00,0X0F,0XFF,0XFE,0X00,0X00,0X00,0X00,0X00,0X00,0X00,
 439          0X00,0X00,0X00,0X00,0X00,0X00,0X3F,0XFF,0XC0,0X00,0X00,0X00,0X00,0X00,0X00,0X00,
 440          0X00,0X00,0X00,0X00,0X00,0X00,0XFF,0X00,0X00,0X00,0X00,0X00,0X00,0X00,0X00,0X00,
 441          0X00,0X00,0X00,0X00,0X00,0X01,0XF8,0X00,0X00,0X00,0X00,0X00,0X00,0X00,0X00,0X00,
 442          0X00,0X00,0X00,0X00,0X00,0X01,0XE0,0X00,0X00,0X00,0X00,0X00,0X00,0X00,0X00,0X00,
 443          0X00,0X00,0X00,0X00,0X00,0X03,0XC0,0X00,0X00,0X00,0X00,0X00,0X00,0X00,0X00,0X00,
 444          0X00,0X00,0X00,0X00,0X00,0X03,0X80,0X00,0X00,0X00,0X00,0X00,0X00,0X00,0X00,0X00,
 445          0X00,0X00,0X00,0X00,0X00,0X07,0X00,0X00,0X00,0X00,0X00,0X00,0X00,0X00,0X00,0X00,
 446          0X00,0X00,0X00,0X00,0X00,0X07,0X00,0X00,0X00,0X00,0X00,0X00,0X00,0X00,0X00,0X00,
 447          0X00,0X00,0X00,0X00,0X00,0X07,0X00,0X00,0X00,0X00,0X00,0X00,0X00,0X00,0X00,0X00,
 448          0X00,0X00,0X00,0X00,0X00,0X0F,0X00,0X00,0X00,0X00,0X00,0X00,0X00,0X00,0X00,0X00,
 449          0X00,0X00,0X00,0X00,0X00,0X0E,0X00,0X00,0X00,0X00,0X00,0X00,0X00,0X00,0X00,0X00,
 450          0X00,0X00,0X00,0X00,0X00,0X0E,0X00,0X00,0X00,0X00,0X00,0X00,0X00,0X00,0X00,0X00,
 451          0X00,0X00,0X00,0X00,0X00,0X0E,0X00,0X00,0X00,0X00,0X00,0X00,0X00,0X00,0X00,0X00,
 452          0X00,0X00,0X00,0X00,0X00,0X0E,0X00,0X00,0X00,0X00,0X00,0X00,0X00,0X00,0X00,0X00,
 453          0X00,0X00,0X00,0X00,0X00,0X0E,0X00,0X00,0X00,0X00,0X00,0X00,0X00,0X00,0X00,0X00,
 454          0X00,0X00,0X00,0X00,0X00,0X0E,0X00,0X00,0X00,0X00,0X00,0X00,0X00,0X00,0X00,0X00,
 455          0X00,0X00,0X00,0X00,0X00,0X0E,0X00,0X00,0X00,0X00,0X00,0X00,0X00,0X00,0X00,0X00,
 456          0X00,0X00,0X00,0X00,0X00,0X0E,0X00,0X00,0X00,0X00,0X00,0X00,0X00,0X00,0X00,0X00,
 457          0X00,0X00,0X00,0X00,0X00,0X0E,0X00,0X00,0X00,0X00,0X00,0X00,0X00,0X00,0X00,0X00,
 458          0X00,0X00,0X00,0X00,0X00,0X0E,0X00,0X00,0X00,0X00,0X00,0X00,0X00,0X00,0X00,0X00,
 459          0X00,0X00,0X00,0X00,0X00,0X0E,0X00,0X00,0X00,0X00,0X00,0X00,0X00,0X00,0X00,0X00,
 460          0X00,0X00,0X00,0X00,0X00,0X0F,0XFF,0XFF,0XFF,0XFF,0XF8,0X00,0X00,0X00,0X00,0X00,
 461          0X00,0X00,0X00,0X00,0X00,0X07,0XFF,0XFF,0XFF,0XFF,0XF8,0X00,0X00,0X00,0X00,0X00,
 462          0X00,0X00,0X00,0X00,0X00,0X07,0XFF,0XFF,0XFF,0XFF,0XF8,0X00,0X00,0X00,0X00,0X00,
 463          0X00,0X00,0X00,0X00,0X00,0X07,0X00,0X00,0X00,0X00,0X38,0X00,0X00,0X00,0X00,0X00,
 464          0X00,0X00,0X00,0X00,0X00,0X07,0X00,0X00,0X00,0X00,0X38,0X00,0X00,0X00,0X00,0X00,
 465          0X00,0X00,0X00,0X00,0X00,0X07,0X00,0X00,0X00,0X00,0X38,0X00,0X00,0X00,0X00,0X00,
 466          0X00,0X00,0X00,0X00,0X00,0X07,0X00,0X00,0X00,0X00,0X38,0X00,0X00,0X00,0X00,0X00,
 467          0X00,0X00,0X00,0X00,0X00,0X07,0X00,0X00,0X00,0X00,0X38,0X00,0X00,0X00,0X00,0X00,
 468          0X00,0X00,0X00,0X00,0X00,0X07,0X00,0X00,0X00,0X00,0X38,0X00,0X00,0X00,0X00,0X00,
 469          0X00,0X00,0X00,0X00,0X00,0X07,0X00,0X00,0X00,0X00,0X38,0X00,0X00,0X00,0X00,0X00,
 470          0X00,0X00,0X00,0X00,0X00,0X07,0X00,0X00,0X00,0X00,0X38,0X00,0X00,0X00,0X00,0X00,
 471          0X00,0X00,0X00,0X00,0X00,0X07,0X00,0X00,0X00,0X00,0X38,0X00,0X00,0X00,0X00,0X00,
 472          0X00,0X00,0X00,0X00,0X00,0X07,0X00,0X00,0X00,0X00,0X38,0X00,0X00,0X00,0X00,0X00,
 473          0X00,0X00,0X00,0X00,0X00,0X07,0X00,0X00,0X00,0X00,0X38,0X00,0X00,0X00,0X00,0X00,
 474          0X00,0X00,0X00,0X00,0X00,0X07,0X00,0X00,0X00,0X00,0X38,0X00,0X00,0X00,0X00,0X00,
 475          0X00,0X00,0X00,0X00,0X00,0X07,0X00,0X00,0X00,0X00,0X38,0X00,0X00,0X00,0X00,0X00,
 476          0X00,0X00,0X00,0X00,0X00,0X07,0X00,0X00,0X00,0X00,0X38,0X00,0X00,0X00,0X00,0X00,
 477          0X00,0X00,0X00,0X00,0X00,0X07,0X00,0X00,0X00,0X00,0X38,0X00,0X00,0X00,0X00,0X00,
 478          0X00,0X00,0X00,0X00,0X00,0X07,0X00,0X00,0X00,0X00,0X38,0X00,0X00,0X00,0X00,0X00,
 479          0X00,0X00,0X00,0X00,0X00,0X07,0X00,0X00,0X00,0X00,0X38,0X00,0X00,0X00,0X00,0X00,
 480          0X00,0X00,0X00,0X00,0X00,0X07,0X00,0X00,0X00,0X00,0X38,0X00,0X00,0X00,0X00,0X00,
 481          0X00,0X00,0X00,0X00,0X00,0X07,0X00,0X00,0X00,0X00,0X38,0X00,0X00,0X00,0X00,0X00,
 482          0X00,0X00,0X00,0X00,0X00,0X07,0X00,0X00,0X00,0X00,0X38,0X00,0X00,0X00,0X00,0X00,
 483          0X00,0X00,0X00,0X00,0X00,0X07,0X00,0X00,0X00,0X00,0X38,0X00,0X00,0X00,0X00,0X00,
 484          0X00,0X00,0X00,0X00,0X00,0X07,0XFF,0XFF,0XFF,0XFF,0XF8,0X00,0X00,0X00,0X00,0X00,
 485          0X00,0X00,0X00,0X00,0X00,0X07,0XFF,0XFF,0XFF,0XFF,0XF8,0X00,0X00,0X00,0X00,0X00,
 486          0X00,0X00,0X00,0X00,0X00,0X07,0XFF,0XFF,0XFF,0XFF,0XF8,0X00,0X00,0X00,0X00,0X00,
 487          0X00,0X00,0X00,0X00,0X00,0X00,0X00,0X00,0X00,0X00,0X00,0X00,0X00,0X00,0X00,0X00,
 488          0X00,0X00,0X00,0X00,0X00,0X00,0X00,0X00,0X00,0X00,0X00,0X00,0X00,0X00,0X00,0X00,
C51 COMPILER V9.52.0.0   WHITE                                                             03/03/2025 19:03:33 PAGE 9   

 489          0X00,0X00,0X00,0X00,0X00,0X00,0X00,0X00,0X00,0X00,0X00,0X00,0X00,0X00,0X00,0X00,
 490          0X00,0X00,0X00,0X00,0X00,0X00,0X00,0X00,0X00,0X00,0X00,0X00,0X00,0X00,0X00,0X00,
 491          0X00,0X00,0X00,0X00,0X00,0X00,0X00,0X00,0X00,0X00,0X00,0X00,0X00,0X00,0X00,0X00,
 492          0X00,0X00,0X00,0X00,0X00,0X00,0X00,0X00,0X00,0X00,0X00,0X00,0X00,0X00,0X00,0X00,
 493          0X00,0X00,0X00,0X00,0X00,0X00,0X00,0X00,0X00,0X00,0X00,0X00,0X00,0X00,0X00,0X00,
 494          0X00,0X00,0X00,0X00,0X00,0X00,0X00,0X00,0X00,0X00,0X00,0X00,0X00,0X00,0X00,0X00,
 495          0X00,0X00,0X00,0X00,0X00,0X00,0X00,0X00,0X00,0X00,0X00,0X00,0X00,0X00,0X00,0X00,
 496          0X00,0X00,0X00,0X00,0X00,0X00,0X00,0X00,0X00,0X00,0X00,0X00,0X00,0X00,0X00,0X00,
 497          };
 498          const unsigned char code gImage_lock4[1024] = { /* 0X00,0X01,0X80,0X00,0X40,0X00, */
 499          0X00,0X00,0X00,0X00,0X00,0X00,0X00,0X00,0X00,0X00,0X00,0X00,0X00,0X00,0X00,0X00,
 500          0X00,0X00,0X00,0X00,0X00,0X00,0X00,0X00,0X00,0X00,0X00,0X00,0X00,0X00,0X00,0X00,
 501          0X00,0X00,0X00,0X00,0X00,0X00,0X00,0X00,0X00,0X00,0X00,0X00,0X00,0X00,0X00,0X00,
 502          0X00,0X00,0X00,0X00,0X00,0X00,0X00,0X00,0X00,0X00,0X00,0X00,0X00,0X00,0X00,0X00,
 503          0X00,0X00,0X00,0X00,0X00,0X00,0X00,0X00,0X00,0X00,0X00,0X00,0X00,0X00,0X00,0X00,
 504          0X00,0X00,0X00,0X00,0X00,0X00,0X00,0X00,0X00,0X00,0X00,0X00,0X00,0X00,0X00,0X00,
 505          0X00,0X00,0X00,0X00,0X00,0X00,0X00,0X00,0X00,0X00,0X00,0X00,0X00,0X00,0X00,0X00,
 506          0X00,0X00,0X00,0X03,0XF0,0X00,0X00,0X00,0X00,0X00,0X00,0X00,0X00,0X00,0X00,0X00,
 507          0X00,0X00,0X00,0X07,0XFC,0X00,0X00,0X00,0X00,0X00,0X00,0X00,0X00,0X00,0X00,0X00,
 508          0X00,0X00,0X00,0X1F,0XFE,0X00,0X00,0X00,0X00,0X00,0X00,0X00,0X00,0X00,0X00,0X00,
 509          0X00,0X00,0X00,0X3E,0X1F,0X00,0X00,0X00,0X00,0X00,0X00,0X00,0X00,0X00,0X00,0X00,
 510          0X00,0X00,0X00,0X3C,0X07,0X00,0X00,0X00,0X00,0X00,0X00,0X00,0X00,0X00,0X00,0X00,
 511          0X00,0X00,0X00,0X78,0X03,0X80,0X00,0X00,0X00,0X00,0X00,0X00,0X00,0X00,0X00,0X00,
 512          0X00,0X00,0X00,0XF0,0X03,0XC0,0X00,0X00,0X00,0X00,0X00,0X00,0X00,0X00,0X00,0X00,
 513          0X00,0X00,0X01,0XE0,0X01,0XC0,0X00,0X00,0X00,0X00,0X00,0X00,0X00,0X00,0X00,0X00,
 514          0X00,0X00,0X03,0XC0,0X01,0XE0,0X00,0X00,0X00,0X00,0X00,0X00,0X00,0X00,0X00,0X00,
 515          0X00,0X00,0X03,0X80,0X00,0XE0,0X00,0X00,0X00,0X00,0X00,0X00,0X00,0X00,0X00,0X00,
 516          0X00,0X00,0X07,0X80,0X00,0XF0,0X00,0X00,0X00,0X00,0X00,0X00,0X00,0X00,0X00,0X00,
 517          0X00,0X00,0X0F,0X00,0X00,0X70,0X00,0X00,0X00,0X00,0X00,0X00,0X00,0X00,0X00,0X00,
 518          0X00,0X00,0X0E,0X00,0X00,0X78,0X00,0X00,0X00,0X00,0X00,0X00,0X00,0X00,0X00,0X00,
 519          0X00,0X00,0X1E,0X00,0X00,0X38,0X00,0X00,0X00,0X00,0X00,0X00,0X00,0X00,0X00,0X00,
 520          0X00,0X00,0X1C,0X00,0X00,0X3C,0X00,0X00,0X00,0X00,0X00,0X00,0X00,0X00,0X00,0X00,
 521          0X00,0X00,0X3C,0X00,0X00,0X1C,0X00,0X00,0X00,0X00,0X00,0X00,0X00,0X00,0X00,0X00,
 522          0X00,0X00,0X78,0X00,0X00,0X1C,0X00,0X00,0X00,0X00,0X00,0X00,0X00,0X00,0X00,0X00,
 523          0X00,0X00,0X70,0X00,0X00,0X0E,0X00,0X00,0X00,0X00,0X00,0X00,0X00,0X00,0X00,0X00,
 524          0X00,0X00,0XF0,0X00,0X00,0X0E,0X00,0X00,0X00,0X00,0X00,0X00,0X00,0X00,0X00,0X00,
 525          0X00,0X00,0XE0,0X00,0X00,0X0F,0X00,0X00,0X00,0X00,0X00,0X00,0X00,0X00,0X00,0X00,
 526          0X00,0X00,0XC0,0X00,0X00,0X07,0XFF,0XFF,0XFF,0XFF,0XF8,0X00,0X00,0X00,0X00,0X00,
 527          0X00,0X00,0X80,0X00,0X00,0X07,0XFF,0XFF,0XFF,0XFF,0XF8,0X00,0X00,0X00,0X00,0X00,
 528          0X00,0X00,0X00,0X00,0X00,0X07,0XFF,0XFF,0XFF,0XFF,0XF8,0X00,0X00,0X00,0X00,0X00,
 529          0X00,0X00,0X00,0X00,0X00,0X07,0X00,0X00,0X00,0X00,0X38,0X00,0X00,0X00,0X00,0X00,
 530          0X00,0X00,0X00,0X00,0X00,0X07,0X00,0X00,0X00,0X00,0X38,0X00,0X00,0X00,0X00,0X00,
 531          0X00,0X00,0X00,0X00,0X00,0X07,0X00,0X00,0X00,0X00,0X38,0X00,0X00,0X00,0X00,0X00,
 532          0X00,0X00,0X00,0X00,0X00,0X07,0X00,0X00,0X00,0X00,0X38,0X00,0X00,0X00,0X00,0X00,
 533          0X00,0X00,0X00,0X00,0X00,0X07,0X00,0X00,0X00,0X00,0X38,0X00,0X00,0X00,0X00,0X00,
 534          0X00,0X00,0X00,0X00,0X00,0X07,0X00,0X00,0X00,0X00,0X38,0X00,0X00,0X00,0X00,0X00,
 535          0X00,0X00,0X00,0X00,0X00,0X07,0X00,0X00,0X00,0X00,0X38,0X00,0X00,0X00,0X00,0X00,
 536          0X00,0X00,0X00,0X00,0X00,0X07,0X00,0X00,0X00,0X00,0X38,0X00,0X00,0X00,0X00,0X00,
 537          0X00,0X00,0X00,0X00,0X00,0X07,0X00,0X00,0X00,0X00,0X38,0X00,0X00,0X00,0X00,0X00,
 538          0X00,0X00,0X00,0X00,0X00,0X07,0X00,0X00,0X00,0X00,0X38,0X00,0X00,0X00,0X00,0X00,
 539          0X00,0X00,0X00,0X00,0X00,0X07,0X00,0X00,0X00,0X00,0X38,0X00,0X00,0X00,0X00,0X00,
 540          0X00,0X00,0X00,0X00,0X00,0X07,0X00,0X00,0X00,0X00,0X38,0X00,0X00,0X00,0X00,0X00,
 541          0X00,0X00,0X00,0X00,0X00,0X07,0X00,0X00,0X00,0X00,0X38,0X00,0X00,0X00,0X00,0X00,
 542          0X00,0X00,0X00,0X00,0X00,0X07,0X00,0X00,0X00,0X00,0X38,0X00,0X00,0X00,0X00,0X00,
 543          0X00,0X00,0X00,0X00,0X00,0X07,0X00,0X00,0X00,0X00,0X38,0X00,0X00,0X00,0X00,0X00,
 544          0X00,0X00,0X00,0X00,0X00,0X07,0X00,0X00,0X00,0X00,0X38,0X00,0X00,0X00,0X00,0X00,
 545          0X00,0X00,0X00,0X00,0X00,0X07,0X00,0X00,0X00,0X00,0X38,0X00,0X00,0X00,0X00,0X00,
 546          0X00,0X00,0X00,0X00,0X00,0X07,0X00,0X00,0X00,0X00,0X38,0X00,0X00,0X00,0X00,0X00,
 547          0X00,0X00,0X00,0X00,0X00,0X07,0X00,0X00,0X00,0X00,0X38,0X00,0X00,0X00,0X00,0X00,
 548          0X00,0X00,0X00,0X00,0X00,0X07,0X00,0X00,0X00,0X00,0X38,0X00,0X00,0X00,0X00,0X00,
 549          0X00,0X00,0X00,0X00,0X00,0X07,0X00,0X00,0X00,0X00,0X38,0X00,0X00,0X00,0X00,0X00,
 550          0X00,0X00,0X00,0X00,0X00,0X07,0XFF,0XFF,0XFF,0XFF,0XF8,0X00,0X00,0X00,0X00,0X00,
C51 COMPILER V9.52.0.0   WHITE                                                             03/03/2025 19:03:33 PAGE 10  

 551          0X00,0X00,0X00,0X00,0X00,0X07,0XFF,0XFF,0XFF,0XFF,0XF8,0X00,0X00,0X00,0X00,0X00,
 552          0X00,0X00,0X00,0X00,0X00,0X07,0XFF,0XFF,0XFF,0XFF,0XF8,0X00,0X00,0X00,0X00,0X00,
 553          0X00,0X00,0X00,0X00,0X00,0X00,0X00,0X00,0X00,0X00,0X00,0X00,0X00,0X00,0X00,0X00,
 554          0X00,0X00,0X00,0X00,0X00,0X00,0X00,0X00,0X00,0X00,0X00,0X00,0X00,0X00,0X00,0X00,
 555          0X00,0X00,0X00,0X00,0X00,0X00,0X00,0X00,0X00,0X00,0X00,0X00,0X00,0X00,0X00,0X00,
 556          0X00,0X00,0X00,0X00,0X00,0X00,0X00,0X00,0X00,0X00,0X00,0X00,0X00,0X00,0X00,0X00,
 557          0X00,0X00,0X00,0X00,0X00,0X00,0X00,0X00,0X00,0X00,0X00,0X00,0X00,0X00,0X00,0X00,
 558          0X00,0X00,0X00,0X00,0X00,0X00,0X00,0X00,0X00,0X00,0X00,0X00,0X00,0X00,0X00,0X00,
 559          0X00,0X00,0X00,0X00,0X00,0X00,0X00,0X00,0X00,0X00,0X00,0X00,0X00,0X00,0X00,0X00,
 560          0X00,0X00,0X00,0X00,0X00,0X00,0X00,0X00,0X00,0X00,0X00,0X00,0X00,0X00,0X00,0X00,
 561          0X00,0X00,0X00,0X00,0X00,0X00,0X00,0X00,0X00,0X00,0X00,0X00,0X00,0X00,0X00,0X00,
 562          0X00,0X00,0X00,0X00,0X00,0X00,0X00,0X00,0X00,0X00,0X00,0X00,0X00,0X00,0X00,0X00,
 563          };
 564          


MODULE INFORMATION:   STATIC OVERLAYABLE
   CODE SIZE        =   ----    ----
   CONSTANT SIZE    =   8704    ----
   XDATA SIZE       =   ----    ----
   PDATA SIZE       =   ----    ----
   DATA SIZE        =   ----    ----
   IDATA SIZE       =   ----    ----
   BIT SIZE         =   ----    ----
END OF MODULE INFORMATION.


C51 COMPILATION COMPLETE.  0 WARNING(S),  0 ERROR(S)
