C51 COMPILER V9.52.0.0   LED                                                               02/17/2025 18:45:24 PAGE 1   


C51 COMPILER V9.52.0.0, COMPILATION OF MODULE LED
OBJECT MODULE PLACED IN .\Objects\led.obj
COMPILER INVOKED BY: D:\keilv4_51\C51\BIN\C51.EXE source\source\led.c BROWSE INCDIR(.\source\head file) DEBUG OBJECTEXTE
                    -ND PRINT(.\Listings\led.lst) TABS(2) OBJECT(.\Objects\led.obj)

line level    source

   1           #include <stdio.h>
   2          #include "led.h"
   3          
   4          void Delay(uint k)
   5          {
   6   1         do
   7   1          {
   8   2          }
   9   1          while( --k );
  10   1      }
  11          /*select以及display函数，其中第一个是选择数码管，从上到下从左到右1-12，第二个是显示数字*/
  12          
  13          void display(int a)  // 显示数字
  14          {
  15   1        switch(a)
  16   1        {
  17   2          case 0:P7=0xC0;break;
  18   2          case 1:P7=0xF9;break;
  19   2          case 2:P7=0xA4;break;
  20   2          case 3:P7=0xB0;break;
  21   2          case 4:P7=0x99;break;
  22   2          case 5:P7=0x92;break;
  23   2          case 6:P7=0x82;break;
  24   2          case 7:P7=0xF8;break;
  25   2          case 8:P7=0x80;break;
  26   2          case 9:P7=0x90;break;
  27   2          case 10:P7=0x88;break;//A
  28   2          case 11:P7=0x83;break;
  29   2          case 12:P7=0xC6;break;
  30   2          case 13:P7=0xA1;break;
  31   2          case 14:P7=0x86;break;
  32   2          case 15:P7=0x8e;break;
  33   2          default:P7=0xc0;break;
  34   2        }
  35   1      }
  36          
  37          void select(int b)  // 选择数码管
  38          {
  39   1        switch(b)
  40   1        {     
  41   2          case 1: P5 = 0XFE;P6 = 0XFF;break;//F5 11111110
  42   2          case 2: P5 = 0XFD;P6 = 0XFF;break;//F5 11111101
  43   2          case 3: P5 = 0XFB;P6 = 0XFF;break;//F5 11111011
  44   2          case 4: P5 = 0XF7;P6 = 0XFF;break;//F5 11110111
  45   2          case 5: P5 = 0XEF;P6 = 0XFF;break;//F5 11101111
  46   2          case 6: P5 = 0XDF;P6 = 0XFF;break;//F5 11011111
  47   2          case 7: P5 = 0XBF;P6 = 0XFF;break;//F5 10111111
  48   2          case 8: P5 = 0X7F;P6 = 0XFF;break;//F5 01111111
  49   2          
  50   2          case 9: P6 = 0XFE;P5 = 0XFF;break;//F6 11111110
  51   2          case 10:P6 = 0XFD;P5 = 0XFF;break;//F6 11111101
  52   2          case 11:P6 = 0XFB;P5 = 0XFF;break;//F6 11111011
  53   2          case 12:P6 = 0XF7;P5 = 0XFF;break;//F6 11110111
  54   2        }
C51 COMPILER V9.52.0.0   LED                                                               02/17/2025 18:45:24 PAGE 2   

  55   1      }
  56          
  57          void Led_Port_Init()
  58          {
  59   1          //set to push_pull model
  60   1          P74OUT &= 0xff;
  61   1      
  62   1          //enable crossbar
  63   1          XBR2 |= 0x40;
  64   1      }
  65          
  66          void LedInit()
  67          {
  68   1        Led_Port_Init();
  69   1        P5 |= 0xff;
  70   1        P6 |= 0x0f;
  71   1        P7 = 0xff;
  72   1      }
  73          
  74          void LedDispNum()  //数码管显示数字
  75          {
  76   1        uchar temp[4];
  77   1        
  78   1        temp[0] = Time_num%10;
  79   1        temp[1] = Time_num%100/10;
  80   1        temp[2] = Time_num%1000/100;  // 秒的个位
  81   1        temp[3] = Time_num/1000;
  82   1      
  83   1        // 最上边一行显示
  84   1        select(4);display(temp[0]); Delay(500); P7 = 0xff;
  85   1        select(3);display(temp[1]); Delay(500); P7 = 0xff;
  86   1        select(2);display(temp[2]); P7 = P7 & ~0x80; Delay(500); P7 = 0xff;            //加小数点
  87   1        select(1);display(temp[3]); if(temp[3] == 0) P7 = 0xff; Delay(500); P7 = 0xff; //除零
  88   1      
  89   1        // 中间一行
  90   1        select(8);display(4); Delay(500); P7 = 0xff;
  91   1        select(7);display(2); P7 = P7; Delay(500); P7 = 0xff;
  92   1        select(6);display(0); Delay(500); P7 = 0xff;
  93   1        select(5);display(2); Delay(500); P7 = 0xff; // Delay(500);
  94   1      
  95   1        // 下边一行
  96   1        select(12);display(3); Delay(500); P7 = 0xff;
  97   1        select(11);display(0);  Delay(500); P7 = 0xff;
  98   1        select(10);display(4); Delay(500); P7 = 0xff;
  99   1        select(9) ;display(0); Delay(500); P7 = 0xff; // Delay(500);
 100   1      }


MODULE INFORMATION:   STATIC OVERLAYABLE
   CODE SIZE        =    564    ----
   CONSTANT SIZE    =   ----    ----
   XDATA SIZE       =   ----    ----
   PDATA SIZE       =   ----    ----
   DATA SIZE        =   ----       4
   IDATA SIZE       =   ----    ----
   BIT SIZE         =   ----    ----
END OF MODULE INFORMATION.


C51 COMPILATION COMPLETE.  0 WARNING(S),  0 ERROR(S)
