C51 COMPILER V9.52.0.0   MAIN                                                              02/17/2025 18:45:24 PAGE 1   


C51 COMPILER V9.52.0.0, COMPILATION OF MODULE MAIN
OBJECT MODULE PLACED IN .\Objects\main.obj
COMPILER INVOKED BY: D:\keilv4_51\C51\BIN\C51.EXE source\source\main.c BROWSE INCDIR(.\source\head file) DEBUG OBJECTEXT
                    -END PRINT(.\Listings\main.lst) TABS(2) OBJECT(.\Objects\main.obj)

line level    source

   1           #include <stdio.h>
   2          
   3          #include "c8051f020.h"
   4          #include "led.h"
   5          
   6          
   7          #define SYSCLK    11059200
   8          
   9          #define TIMER_PRESCALER            12  // Based on Timer CKCON settings
  10          
  11          #define LED_TOGGLE_RATE            100 // LED toggle rate in milliseconds    1ms
  12                                                 // if LED_TOGGLE_RATE = 1, the LED will
  13                                                 // be on for 1 millisecond and off for
  14                                                 // 1 millisecond
  15          
  16          // There are SYSCLK/TIMER_PRESCALER timer ticks per second, so
  17          // SYSCLK/TIMER_PRESCALER/1000 timer ticks per millisecond.
  18          #define TIMER_TICKS_PER_MS  SYSCLK/TIMER_PRESCALER/1000
  19          
  20          // Note: LED_TOGGLE_RATE*TIMER_TICKS_PER_MS should not exceed 65535 (0xFFFF)
  21          // for the 16-bit timer
  22          
  23          #define AUX1     TIMER_TICKS_PER_MS*LED_TOGGLE_RATE
  24          #define AUX2     -AUX1
  25          #define AUX3     AUX2&0x00FF
  26          #define AUX4     ((AUX2&0xFF00)>>8)
  27          
  28          #define TIMER0_RELOAD_HIGH       AUX4  // Reload value for Timer0 high byte
  29          #define TIMER0_RELOAD_LOW        AUX3  // Reload value for Timer0 low byte
  30          
  31          sbit INT1 = P0^3; //旧板子P0.2端口
  32          
  33          unsigned int Time_num; //全局计时用
  34          
  35          
  36          void Port_IO_Init()
  37          {
  38   1        //set P4[1] to push_pull model
  39   1          P74OUT |= 0x01;
  40   1      
  41   1          //close the alam P4.1
  42   1          P4 &= 0xfd;
  43   1        
  44   1        //uart1,int1
  45   1        XBR1 |= 0x14;//旧板子0x10
  46   1        XBR2 |= 0x44;
  47   1      }
  48          
  49          void Oscillator_Init()
  50          {
  51   1          int i = 0;
  52   1          OSCXCN    = 0x67;
  53   1          for (i = 0; i < 3000; i++);  // Wait 1ms for initialization
  54   1          while ((OSCXCN & 0x80) == 0);
C51 COMPILER V9.52.0.0   MAIN                                                              02/17/2025 18:45:24 PAGE 2   

  55   1          OSCICN    = 0x08;
  56   1      }
  57          
  58          void Timer0_Init(void)
  59          {
  60   1        TH0 = TIMER0_RELOAD_HIGH;           // Reinit Timer0 High register
  61   1        TL0 = TIMER0_RELOAD_LOW;
  62   1        ET0 = 1;                            // Timer0 interrupt enabled
  63   1        TMOD = 0x01;                        // 16-bit Mode Timer0
  64   1        //TCON |= 0x10;                        // Timer0 ON
  65   1      }
  66          
  67          void Interrupt_Init()
  68          {
  69   1        //INT1
  70   1        //low level triggle
  71   1        IT1 = 0;
  72   1        //enable INT1
  73   1        EX1 = 1;
  74   1        //enable all interrupt
  75   1        EA = 1;
  76   1      }
  77          
  78          void Init_Device(void)
  79          {
  80   1          //disable watchdog
  81   1          EA = 0;
  82   1          WDTCN = 0xde;
  83   1          WDTCN = 0xad;
  84   1          EA = 1;
  85   1        
  86   1          Oscillator_Init();
  87   1          Port_IO_Init();
  88   1        Timer0_Init();
  89   1        Interrupt_Init();
  90   1        LedInit();
  91   1      }
  92          
  93          
  94          //-----------------------------------------------------------------------------
  95          // 主程序
  96          //-----------------------------------------------------------------------------
  97          
  98          void main()
  99          { 
 100   1        Init_Device();
 101   1        
 102   1        INT1 = 1;
 103   1      
 104   1          while(1)
 105   1          {
 106   2          LedDispNum();   //显示三行数据
 107   2          }
 108   1      }
 109          
 110          void INT1_ISR(void) interrupt 2
 111          {
 112   1        Delay(1);
 113   1        switch(P5)
 114   1        {
 115   2          //sub
 116   2            case 0xfb:   //左键
C51 COMPILER V9.52.0.0   MAIN                                                              02/17/2025 18:45:24 PAGE 3   

 117   2              Time_num = 0; //计时清零  
 118   2            break;  
 119   2          
 120   2           case 0xfd:   //中间键
 121   2              TR0 = 1;  // 开始计时
 122   2            break;
 123   2          
 124   2           case 0xfe:    //右键
 125   2              TR0 = 0;  // 关闭计时
 126   2            break;
 127   2        
 128   2        }
 129   1      }
 130          
 131          void Timer0_ISR (void) interrupt 1
 132          {
 133   1        TH0 = TIMER0_RELOAD_HIGH;           // Reinit Timer0 High register
 134   1        TL0 = TIMER0_RELOAD_LOW;
 135   1        
 136   1        Time_num++;
 137   1        
 138   1        if(Time_num >= 6000) Time_num = 0;
 139   1      }
 140          
 141          
 142          
 143          


MODULE INFORMATION:   STATIC OVERLAYABLE
   CODE SIZE        =    222    ----
   CONSTANT SIZE    =   ----    ----
   XDATA SIZE       =   ----    ----
   PDATA SIZE       =   ----    ----
   DATA SIZE        =      2    ----
   IDATA SIZE       =   ----    ----
   BIT SIZE         =   ----    ----
END OF MODULE INFORMATION.


C51 COMPILATION COMPLETE.  0 WARNING(S),  0 ERROR(S)
