C51 COMPILER V9.52.0.0   PORT                                                              04/26/2024 19:45:12 PAGE 1   


C51 COMPILER V9.52.0.0, COMPILATION OF MODULE PORT
OBJECT MODULE PLACED IN port.OBJ
COMPILER INVOKED BY: d:\Keil\C51\BIN\C51.EXE port.c LARGE BROWSE DEBUG OBJECTEXTEND TABS(2)

line level    source

   1          #include "port.h"
   2          
   3          void Port_IO_Init()
   4          {
   5   1      //    XBR0     = 0X00;         //设置XBR0
   6   1          XBR1     = 0X14;         //设置XBR1
   7   1          XBR2     = 0X44;         //打开交叉开关和弱上拉
   8   1          P74OUT  &= 0xcc;
   9   1          P2MDOUT |= 0x7F;
  10   1          P0MDOUT|= 0x03;
  11   1          P1MDOUT=0xFF;      //端口1设置为推挽输出
  12   1          P2MDOUT=0xFF;      //端口2设置为推挽输出
  13   1          P3MDOUT=0xFF;      //端口3设置为推挽输出
  14   1      }


MODULE INFORMATION:   STATIC OVERLAYABLE
   CODE SIZE        =     25    ----
   CONSTANT SIZE    =   ----    ----
   XDATA SIZE       =   ----    ----
   PDATA SIZE       =   ----    ----
   DATA SIZE        =   ----    ----
   IDATA SIZE       =   ----    ----
   BIT SIZE         =   ----    ----
END OF MODULE INFORMATION.


C51 COMPILATION COMPLETE.  0 WARNING(S),  0 ERROR(S)
