C51 COMPILER V9.52.0.0   TIME                                                              04/26/2024 19:45:12 PAGE 1   


C51 COMPILER V9.52.0.0, COMPILATION OF MODULE TIME
OBJECT MODULE PLACED IN time.OBJ
COMPILER INVOKED BY: d:\Keil\C51\BIN\C51.EXE time.c LARGE BROWSE DEBUG OBJECTEXTEND TABS(2)

line level    source

   1          #include "time.h"
   2          
   3          sfr16 RCAP4 = 0xE4;               
   4          sfr16 TMR4 = 0xF4; 
   5          
   6          //定时器3初始化
   7          void timer3_init()
   8          {
   9   1        TMR3CN = 0x00;//手动清除溢出标志位
  10   1        TMR3RLL = 0xdc;//100hz
  11   1        //TMR3RLL = 0xfc;
  12   1        TMR3RLH = 0Xef;
  13   1        TMR3L = 0Xff;
  14   1        TMR3H = 0Xff; //直接溢出
  15   1        EIE2 |= 0x01;//允许timer3中断
  16   1        TMR3CN |= 0x04;//允许定时器3
  17   1        EIE2&=0xFE;
  18   1      }
  19          
  20          //定时器4初始化
  21          void TIMER4_Init (int counts)
  22          {   
  23   1         T4CON = 0x00;    //手动清除溢出标志位
  24   1         CKCON |= 0x40;   // 定时器使用系统时钟
  25   1         RCAP4 = -counts; //设置重载值
  26   1         TMR4 = RCAP4;// 初始化定时器4
  27   1         EIE2 |= 0x04;  // 使能定时器4中断
  28   1         T4CON |= 0x04;  // 打开定时器4
  29   1      
  30   1      }
  31          


MODULE INFORMATION:   STATIC OVERLAYABLE
   CODE SIZE        =     53    ----
   CONSTANT SIZE    =   ----    ----
   XDATA SIZE       =   ----    ----
   PDATA SIZE       =   ----    ----
   DATA SIZE        =   ----    ----
   IDATA SIZE       =   ----    ----
   BIT SIZE         =   ----    ----
END OF MODULE INFORMATION.


C51 COMPILATION COMPLETE.  0 WARNING(S),  0 ERROR(S)
