C51 COMPILER V9.52.0.0   111                                                               03/13/2018 15:07:23 PAGE 1   


C51 COMPILER V9.52.0.0, COMPILATION OF MODULE 111
OBJECT MODULE PLACED IN .\Objects\111.obj
COMPILER INVOKED BY: d:\Keil1\C51\BIN\C51.EXE source\source\111.c BROWSE INCDIR(.\source\head file) DEBUG OBJECTEXTEND P
                    -RINT(.\Listings\111.lst) OBJECT(.\Objects\111.obj)

line level    source

   1          code unsigned char image1[1024] = { /* 0X00,0X01,0X80,0X00,0X40,0X00, */
   2          0XFC,0X00,0X00,0X00,0X00,0X00,0X00,0X3D,0XE0,0X00,0X00,0X00,0X00,0X00,0X26,0X7F,
   3          0XF0,0X00,0X00,0X00,0X00,0X00,0X00,0X39,0XF8,0X00,0X00,0X00,0X00,0X00,0X00,0X1F,
   4          0XE0,0X00,0X00,0X00,0X00,0X00,0X00,0X37,0XFE,0X00,0X00,0X00,0X00,0X00,0X00,0X03,
   5          0XC0,0X00,0X00,0X00,0X00,0X00,0X00,0X37,0XFE,0X00,0X00,0X00,0X00,0X00,0X00,0X00,
   6          0XC0,0X00,0X00,0X00,0X00,0X00,0X00,0X2F,0XFC,0X00,0X00,0X00,0X00,0X00,0X00,0X00,
   7          0XE0,0X00,0X00,0X00,0X00,0X00,0X10,0X6F,0XFC,0X00,0X00,0X00,0X00,0X00,0X00,0X00,
   8          0XE0,0X00,0X00,0X00,0X00,0X00,0X19,0XED,0XFC,0X00,0X00,0X00,0X00,0X00,0X00,0X00,
   9          0X00,0X00,0X00,0X00,0X00,0X00,0X0F,0X7B,0XFC,0X00,0X00,0X00,0X00,0X00,0X00,0X00,
  10          0X00,0X00,0X00,0X00,0X00,0X00,0X04,0X33,0XFF,0X00,0X00,0X00,0X00,0X00,0X00,0X00,
  11          0X00,0X00,0X00,0X00,0X00,0X00,0X0E,0X27,0XFF,0X00,0X00,0X00,0X00,0X00,0X00,0X00,
  12          0X00,0X00,0X00,0X00,0X00,0X00,0X1D,0X3F,0XFF,0XC0,0X00,0X00,0X00,0X00,0X00,0X00,
  13          0X00,0X00,0X00,0X00,0X00,0X00,0X1F,0XFF,0XFF,0XF0,0X00,0X00,0X00,0X00,0X00,0X00,
  14          0X00,0X00,0X00,0X00,0X00,0X00,0X1B,0XBF,0XFF,0X80,0X00,0X00,0X00,0X00,0X00,0X00,
  15          0X00,0X00,0X00,0X00,0X00,0X00,0X1B,0XFF,0XFE,0X00,0X00,0X00,0X00,0X00,0X00,0X00,
  16          0X00,0X00,0X00,0X00,0X00,0X00,0X9F,0XFF,0XFF,0X00,0X00,0X00,0X00,0X00,0X00,0X10,
  17          0X00,0X00,0X00,0X00,0X00,0X00,0XFF,0XFF,0XF1,0XB0,0X00,0X00,0X00,0X00,0X01,0X10,
  18          0X00,0X00,0X00,0X00,0X00,0X01,0XFF,0XFF,0XF0,0XF0,0X00,0X00,0X00,0X00,0X00,0X17,
  19          0X00,0X00,0X00,0X00,0X00,0X00,0XBF,0XFF,0XFF,0XE4,0X00,0X00,0X00,0X00,0X00,0X9F,
  20          0X00,0X00,0X00,0X00,0X00,0X00,0X7F,0XFF,0XFF,0XE0,0X00,0X00,0X00,0X00,0X00,0XDF,
  21          0X00,0X00,0X00,0X00,0X00,0X10,0X7F,0XFF,0XFF,0XF0,0X00,0X60,0X00,0X00,0X00,0X5F,
  22          0X00,0X00,0XFE,0X00,0X00,0X7C,0XFF,0XFF,0XFF,0XFE,0X00,0XE6,0X00,0X00,0X00,0X3F,
  23          0X00,0X00,0XFF,0X00,0X00,0XCF,0XFF,0XFF,0XFF,0XFC,0X01,0XEC,0X00,0X00,0X00,0X3F,
  24          0X00,0X01,0XFF,0XE0,0X01,0XB7,0X7F,0XEF,0XFF,0XFC,0X01,0XEE,0X00,0X00,0X42,0XFF,
  25          0X00,0X01,0XFF,0XF8,0X05,0XAB,0XFF,0XFF,0XFD,0XC2,0X00,0XEF,0X00,0X00,0X26,0XFF,
  26          0X00,0X03,0XFF,0XF0,0X03,0X82,0XDF,0XFF,0XFD,0X90,0X07,0XEE,0X00,0X00,0X1C,0XFF,
  27          0X00,0X03,0XFF,0XF0,0X01,0X80,0XFF,0XFF,0XFF,0X80,0X07,0XFF,0X80,0X00,0X1D,0XFD,
  28          0X00,0X03,0XFF,0XF0,0X01,0XD8,0XF3,0XFF,0XFF,0XC0,0X0F,0XFF,0X80,0X11,0X19,0XFD,
  29          0X00,0X07,0XFF,0XF0,0X01,0XFF,0XF7,0XFF,0XFF,0XE0,0X1B,0XFF,0X81,0X1E,0X0F,0XFB,
  30          0X00,0X03,0XFF,0XF0,0X01,0XFF,0XFF,0XFF,0X7F,0X80,0X3F,0XFF,0XC1,0XF9,0X3F,0X3F,
  31          0X00,0X03,0XFF,0XF0,0X0F,0XBF,0XFF,0XFE,0X79,0X20,0X3F,0XFF,0X8F,0XFF,0XFF,0XFF,
  32          0X00,0X03,0XFF,0XF0,0X0F,0X3F,0XFF,0XFF,0XF1,0X00,0X7F,0XFF,0X83,0XFF,0XFF,0XFF,
  33          0X00,0X07,0XFF,0XB0,0X04,0XFF,0XFF,0XFF,0X64,0X00,0X7F,0XFF,0X83,0XFF,0XFF,0XFF,
  34          0X00,0X01,0XFF,0X80,0X1C,0XDF,0XFD,0XFF,0X63,0X80,0X1F,0XFF,0X07,0XBF,0XFF,0XFF,
  35          0X00,0X01,0XFF,0X80,0X34,0XFF,0XF9,0XFF,0X61,0X80,0X3F,0XFF,0X0F,0XE5,0XFF,0XFF,
  36          0X00,0X71,0XFF,0XE4,0X0C,0XE4,0X39,0XFE,0X70,0X80,0X7F,0XFF,0X0F,0XA3,0XFF,0XFF,
  37          0X01,0XF9,0XFF,0XDE,0X0B,0XC0,0X39,0XFF,0XF8,0X82,0X4B,0XFD,0X3F,0XA7,0XFF,0XF7,
  38          0X83,0XFF,0XFF,0XCF,0X83,0XC0,0X3F,0XFF,0XF0,0XC6,0X0F,0XFE,0X77,0XEF,0XFF,0XFF,
  39          0X6F,0XFF,0XFF,0XFF,0X8F,0X80,0X3F,0XFF,0XF0,0X80,0X0F,0XFF,0XF7,0XE7,0XFF,0XFB,
  40          0XFF,0XFF,0XFF,0XFF,0XEF,0X84,0X3F,0XFF,0XFB,0X87,0X0D,0XFF,0XFF,0XE3,0XFF,0XF2,
  41          0XFF,0XFF,0XFF,0XFF,0XFF,0XF0,0X3F,0XFF,0XFF,0X8F,0X0F,0XFF,0XFF,0XE3,0XFF,0XF2,
  42          0XFF,0XFF,0XFF,0XFF,0XFF,0XFC,0X1F,0XFF,0XFF,0XCF,0X0F,0XFF,0XFF,0XEF,0XFF,0XFF,
  43          0XFF,0XFF,0XFF,0XFF,0XE3,0XFF,0XFF,0XFF,0XFF,0XEE,0X0F,0XFF,0XFF,0XFF,0XFF,0XFE,
  44          0XFF,0XFF,0XFF,0XFF,0XFF,0XFF,0XFF,0XFF,0XFF,0XCF,0X0F,0XFF,0XFF,0XFF,0XFF,0XFF,
  45          0XFF,0XFF,0XFF,0XFF,0XFF,0XFF,0XFF,0XFF,0XFF,0XEF,0X0F,0XFF,0XFF,0XFF,0XFF,0XFF,
  46          0XFF,0XFF,0XFF,0XFF,0XFF,0XFF,0XFF,0XFF,0XFF,0XFF,0XFF,0XFF,0XFF,0XFF,0XFF,0XFF,
  47          0XFF,0XFF,0XFF,0XFF,0XFF,0XFF,0XFF,0XFF,0XFF,0XFF,0XFF,0XFF,0XFF,0XFF,0XFF,0XFF,
  48          0XFF,0XFF,0XFF,0XFF,0XFF,0XFF,0XFF,0XFF,0XFF,0XFF,0XFF,0XFF,0XFF,0XFF,0XFF,0XFF,
  49          0XFF,0XFF,0XFF,0XFF,0XFF,0XFF,0XFF,0XFF,0XFF,0XFF,0XFF,0XFF,0XFF,0XFF,0XFF,0XFF,
  50          0XFF,0XFF,0XFF,0XFF,0XFF,0XFF,0XFF,0XFF,0XFF,0XFF,0XFF,0XFF,0XFF,0XFF,0XFF,0XFF,
  51          0XFF,0XFF,0XFF,0XFF,0XFF,0XFF,0XFF,0XFF,0XFF,0XFF,0XFF,0XFF,0XFF,0XFF,0XFF,0XFF,
  52          0XFF,0XFF,0XFF,0XFF,0XFF,0XFF,0XFF,0XFF,0XFE,0XFF,0XFF,0XFF,0XFF,0XFF,0XFF,0XFF,
  53          0XFF,0XFF,0XFF,0XFF,0XFF,0XFF,0XFF,0XFF,0XFF,0X7F,0XFF,0XFF,0XFF,0XFF,0XFF,0XFF,
  54          0XFF,0XFF,0XFF,0XFF,0XFF,0XFF,0XFF,0XFF,0XFF,0XFF,0XFF,0XFF,0XFF,0XFF,0XFF,0XFF,
C51 COMPILER V9.52.0.0   111                                                               03/13/2018 15:07:23 PAGE 2   

  55          0XFF,0XFF,0XFF,0XFF,0XFF,0XFF,0XFF,0XFF,0XFF,0XFF,0XFF,0XFF,0XFF,0XFF,0XFF,0XFF,
  56          0XFF,0XFF,0XFF,0XFF,0XFF,0XFF,0XFF,0XFF,0XFF,0XFF,0XFF,0XFF,0XFF,0XFF,0XFF,0XFF,
  57          0XFF,0XFF,0XFF,0XFF,0XFF,0XFF,0XFF,0XFF,0XFF,0XFF,0XFF,0XFF,0XFF,0XFF,0XFF,0XFF,
  58          0XFF,0XFF,0XFF,0XFF,0XFF,0XFF,0XFF,0XFF,0XFF,0XFF,0XFF,0XFF,0XFF,0XFF,0XFF,0XFF,
  59          0XFF,0XFF,0XFF,0XFF,0XFF,0XFF,0XFF,0XFF,0XFF,0XFF,0XFF,0XFF,0XFF,0XFF,0XFF,0XFF,
  60          0XFF,0XFF,0XFF,0XFF,0XFF,0XFF,0XFF,0XFF,0XFF,0XFF,0XFF,0XFF,0XFF,0XFF,0XFF,0XFF,
  61          0XFF,0XFF,0XFF,0XFF,0XFF,0XFF,0XFF,0XFF,0XFF,0XFF,0XFF,0XFF,0XFF,0XFF,0XFF,0XFF,
  62          0XFF,0XFF,0XFF,0XFF,0XFF,0XFF,0XFF,0XFF,0XFF,0XFF,0XFF,0XFF,0XFF,0XFF,0XFF,0XFF,
  63          0XFF,0XFF,0XFF,0XFF,0XFF,0XFF,0XFF,0XFF,0XFF,0XFF,0XFF,0XFF,0XFF,0XFF,0XFF,0XFF,
  64          0XFF,0XFF,0XFF,0XFF,0XFF,0XFF,0XFF,0XFF,0XFF,0XFF,0XFF,0XFF,0XFF,0XFF,0XFF,0XFF,
  65          0XFF,0XFF,0XFF,0XFF,0XFF,0XFF,0XFF,0XFF,0XFF,0XFF,0XFF,0XFF,0XFF,0XFF,0XFF,0XFF
  66          };


MODULE INFORMATION:   STATIC OVERLAYABLE
   CODE SIZE        =   ----    ----
   CONSTANT SIZE    =   1024    ----
   XDATA SIZE       =   ----    ----
   PDATA SIZE       =   ----    ----
   DATA SIZE        =   ----    ----
   IDATA SIZE       =   ----    ----
   BIT SIZE         =   ----    ----
END OF MODULE INFORMATION.


C51 COMPILATION COMPLETE.  0 WARNING(S),  0 ERROR(S)
