C51 COMPILER V9.52.0.0   222                                                               03/13/2018 15:07:24 PAGE 1   


C51 COMPILER V9.52.0.0, COMPILATION OF MODULE 222
OBJECT MODULE PLACED IN .\Objects\222.obj
COMPILER INVOKED BY: d:\Keil1\C51\BIN\C51.EXE source\source\222.c BROWSE INCDIR(.\source\head file) DEBUG OBJECTEXTEND P
                    -RINT(.\Listings\222.lst) OBJECT(.\Objects\222.obj)

line level    source

   1          code unsigned char image2[1024] = { /* 0X00,0X01,0X80,0X00,0X40,0X00, */
   2          0X00,0X00,0X00,0X00,0X00,0X00,0X01,0X07,0XDD,0XD6,0XDF,0XFF,0X01,0XFF,0XFF,0XFF,
   3          0X00,0X02,0X30,0X00,0X00,0X00,0X06,0X49,0XD9,0XF6,0X03,0XFF,0X01,0XFF,0XFF,0XFF,
   4          0X00,0X00,0X00,0X08,0X00,0X00,0X1C,0X91,0X8B,0X6E,0X00,0XDF,0X81,0XFF,0XFF,0XFF,
   5          0X00,0X00,0X00,0X00,0X00,0X00,0X1B,0X03,0X82,0X7E,0X00,0X1F,0XC1,0XFF,0XFF,0XFF,
   6          0X00,0X00,0X00,0X00,0X00,0X00,0X3A,0X20,0X84,0X3E,0X00,0X07,0XC1,0XFF,0XFF,0XFF,
   7          0X00,0X00,0X00,0X00,0X00,0X00,0X7C,0X74,0X9C,0X34,0X00,0X0D,0XC1,0XFF,0XFF,0XFF,
   8          0X00,0X00,0X00,0X00,0X00,0X00,0XFE,0XF9,0X9C,0X68,0X00,0X07,0XE1,0XFF,0XFF,0XFF,
   9          0X00,0X00,0X00,0X00,0X00,0X00,0XFF,0XFB,0X78,0X30,0X00,0X07,0XF1,0XFF,0XFF,0XFF,
  10          0X00,0X00,0X00,0X00,0X00,0X01,0XFF,0XFE,0X78,0X78,0X00,0X03,0XF1,0XFF,0XFF,0XFF,
  11          0X00,0X00,0X00,0X00,0X00,0X01,0XFF,0XDC,0XF4,0XFF,0X00,0X03,0XF1,0XFF,0XFF,0XFF,
  12          0X00,0X00,0X00,0X00,0X08,0X03,0XFF,0XD9,0XE1,0XFF,0X80,0X03,0XF1,0XFF,0XFF,0XFF,
  13          0X00,0X00,0X00,0X00,0X00,0X03,0XFF,0X20,0X03,0X17,0X80,0X03,0XE1,0XFF,0XFF,0XFF,
  14          0X00,0X00,0X01,0X40,0X00,0X07,0XFF,0X60,0X1F,0XA6,0X00,0X07,0XF1,0XFF,0XFF,0XFF,
  15          0X00,0X00,0X00,0X80,0X00,0X0F,0XFE,0X40,0X37,0XF7,0X80,0XC7,0XE1,0XFF,0XFF,0XFF,
  16          0X00,0X10,0X00,0X00,0X00,0X9F,0XFF,0X40,0X00,0X7F,0X01,0XF3,0XE1,0XFF,0XFF,0XFF,
  17          0X00,0X18,0X00,0X00,0X00,0X3F,0XFF,0X80,0X01,0XFC,0X07,0XFB,0XE1,0XFF,0XFF,0XFF,
  18          0X00,0X90,0X00,0X00,0X00,0X3F,0XFF,0X00,0X00,0XE0,0X07,0XFB,0XE1,0XFF,0XFF,0XFF,
  19          0X00,0X80,0X00,0X00,0X00,0X3F,0XFE,0X00,0X00,0X00,0X0F,0XFF,0XE3,0XFF,0XFF,0XFF,
  20          0X01,0X44,0X00,0X08,0X00,0X7F,0XFE,0X00,0X00,0X00,0X06,0X0F,0XC3,0XFF,0XFF,0XFF,
  21          0X3F,0X0C,0X00,0X00,0X00,0X3F,0XFC,0X00,0X00,0X00,0X03,0X87,0XE1,0XFF,0XFF,0XFF,
  22          0X1E,0X10,0X00,0X02,0X00,0X3F,0XFC,0X00,0X00,0X00,0X03,0XEF,0XC1,0XFF,0XFF,0XFF,
  23          0X80,0X12,0X00,0X0D,0X80,0X1B,0XEC,0X00,0X00,0XC3,0X80,0X7F,0XC1,0XFF,0XFF,0XFF,
  24          0X60,0X28,0X00,0X00,0X18,0X3B,0XCC,0X00,0X01,0X9F,0XFE,0X3F,0XE3,0XFF,0XFF,0XFF,
  25          0XF9,0XE0,0X10,0X30,0X06,0X7B,0XC0,0X00,0X02,0X0F,0XFC,0XDF,0XE3,0XFF,0XFF,0XFF,
  26          0XDF,0XE0,0X48,0X40,0X01,0XF0,0X40,0X00,0X04,0X00,0XFC,0X7F,0XE3,0XFF,0XFF,0XFF,
  27          0X10,0XEF,0X00,0X0C,0X01,0XD0,0X00,0X00,0X08,0X03,0XFC,0X1F,0XE3,0XFF,0XFF,0XFF,
  28          0XF7,0XEF,0X00,0X83,0X83,0XD0,0X00,0X00,0X10,0X01,0XFC,0X0F,0XE3,0XFF,0XFF,0XFF,
  29          0XFE,0XCC,0X00,0X64,0X73,0XF8,0X00,0X00,0X00,0X00,0XFC,0X07,0XF3,0XFF,0XFF,0XFF,
  30          0XCC,0X08,0X0F,0X00,0X10,0X6C,0X00,0X00,0X21,0XF0,0X3C,0X07,0XFB,0XFF,0XFF,0XFF,
  31          0X83,0X0C,0X00,0X03,0XCE,0X0F,0X00,0X00,0X07,0XFF,0X1C,0X07,0XF3,0XFF,0XFF,0XFF,
  32          0X38,0X08,0X00,0X9F,0XFF,0XFF,0XF0,0X00,0X0E,0X07,0XDC,0X0F,0XF3,0XFF,0XFF,0XFF,
  33          0X63,0XC8,0X00,0X1F,0XFF,0XFF,0XF0,0X00,0X1F,0XE1,0XFC,0X3F,0XFB,0XFF,0XFF,0XFF,
  34          0X07,0X98,0XD5,0XBF,0XFF,0XFF,0XF0,0X00,0X1F,0XF8,0XFC,0XFF,0XFF,0XFF,0XFF,0XFF,
  35          0X19,0X23,0X8E,0X7F,0XFF,0XFF,0XF8,0X00,0X3F,0XFF,0X79,0XFF,0XF7,0XFF,0XFF,0XFF,
  36          0XFE,0X63,0X20,0X7F,0XFF,0XFF,0XF8,0X00,0X3F,0XFF,0XFD,0XFF,0XF7,0XFF,0XFF,0XFF,
  37          0X7C,0X0E,0X9F,0XFF,0XFF,0XFF,0XF8,0X00,0X3F,0XFF,0XF9,0XFF,0XFF,0XFF,0XFF,0XFF,
  38          0XF8,0XFE,0X3F,0XFF,0XFF,0XFF,0XD8,0X00,0X1F,0XFF,0XFB,0XFF,0XFF,0XFF,0XFF,0XFF,
  39          0XFB,0X7F,0X7F,0XFF,0XFF,0XFF,0X9C,0X00,0X1F,0XFF,0XFB,0XFF,0XFF,0XFF,0XFF,0XFF,
  40          0XE0,0X7F,0XFF,0XFF,0XFF,0XFF,0X9C,0X00,0X1F,0XFF,0XFB,0XFF,0XFF,0XFF,0XFF,0XFF,
  41          0XE7,0XFF,0XFF,0XFF,0XFF,0XFF,0X9C,0X00,0X07,0XFF,0XF7,0XFF,0XFF,0XFF,0XFF,0XFF,
  42          0XFF,0XFF,0XFF,0XFF,0XFF,0XFF,0X9C,0X00,0X01,0XFF,0XF7,0XFF,0XFF,0XFF,0XFF,0XFF,
  43          0XFF,0XFF,0XFF,0XFF,0XFF,0XFF,0X1E,0X00,0X00,0X7F,0XA7,0XFF,0XFF,0XFF,0XFF,0XFF,
  44          0XFF,0XEE,0X7F,0XFF,0XFF,0XFF,0X3E,0X00,0X00,0X1F,0XAF,0XFF,0XFF,0XFF,0XFF,0XFF,
  45          0XFF,0XFF,0XFF,0XFF,0XFF,0XFF,0X3F,0XC0,0X00,0X07,0XCF,0XFF,0XFF,0XFF,0XFF,0XFF,
  46          0XFF,0XFF,0XFF,0XFF,0XFF,0XFF,0X3F,0XE0,0X01,0X03,0XDF,0XFF,0XFF,0XFF,0XFF,0XFF,
  47          0XFF,0XFF,0XFF,0XFF,0XFF,0XFE,0X3F,0XF8,0X00,0XFF,0X9F,0XFF,0XFF,0XFF,0XFF,0XFF,
  48          0XFF,0XFF,0XFF,0XFF,0XFF,0XFE,0X7F,0XFC,0X00,0XFF,0XBF,0XFF,0XFF,0XFF,0XFF,0XFF,
  49          0XFF,0XFF,0XFF,0XFF,0XFF,0XFC,0X7F,0XFC,0X00,0X7F,0X7F,0XFF,0XFF,0XFF,0XFF,0XFF,
  50          0XFF,0XFF,0XFF,0XFF,0XFF,0XFC,0XFF,0XFE,0X00,0X1F,0X7F,0XFF,0XFF,0XFF,0XFF,0XFF,
  51          0XFF,0XFF,0XFF,0XFF,0XFF,0XFC,0X7F,0XFF,0X80,0X0E,0XFF,0XFF,0XFF,0XFF,0XFF,0XFF,
  52          0XFF,0XFF,0XFF,0XFF,0XFF,0XF8,0X7F,0XFF,0XF0,0X07,0XFF,0XFF,0XFF,0XFF,0XFF,0XFF,
  53          0XFF,0XFF,0XFF,0XFF,0XFF,0XF8,0X3F,0XFF,0XFE,0X4F,0XFF,0XFF,0XFF,0XFF,0XFF,0XFF,
  54          0XFF,0XFF,0XFF,0XFF,0XFF,0XF8,0X1F,0XFF,0XFF,0XFF,0XFF,0XFF,0XFF,0XFF,0XFF,0XFF,
C51 COMPILER V9.52.0.0   222                                                               03/13/2018 15:07:24 PAGE 2   

  55          0XFF,0XFF,0XFF,0XFF,0XFF,0XF0,0X0F,0XFF,0XFF,0XFF,0XFF,0XFF,0XFF,0XFF,0XFF,0XFF,
  56          0XFF,0XFF,0XFF,0XFF,0XFF,0XF0,0X1F,0XFF,0XFF,0XFF,0XFF,0XFF,0XFF,0XFF,0XFF,0XFF,
  57          0XFF,0XFF,0XFF,0XFF,0XFF,0XF0,0X7D,0XFF,0XFF,0XFF,0XFF,0XFF,0XF7,0XFF,0XFF,0XFF,
  58          0XFF,0XFF,0XFF,0XFF,0XFF,0XF0,0X39,0XFF,0XFF,0XFF,0XFF,0XFF,0XFF,0XFF,0XFF,0XFF,
  59          0XFF,0XFF,0XFF,0XFF,0XFF,0XF8,0X3F,0XFF,0XFF,0XFF,0XFF,0XFF,0XFF,0XFF,0XFF,0XFF,
  60          0XFF,0XFF,0XFF,0XFF,0XFF,0XF8,0X7F,0XFF,0XFF,0XFF,0XFF,0XFF,0XFF,0XFF,0XFF,0XFF,
  61          0XFF,0XFF,0XFF,0XFF,0XFF,0XFB,0XFF,0XFF,0XFF,0XFF,0XFF,0XFF,0XFF,0XFF,0XFF,0XFF,
  62          0XFF,0XFF,0XFF,0XFF,0XFF,0XFF,0XFF,0XFF,0XFF,0XFF,0XFF,0XFF,0XFF,0XFF,0XFF,0XFF,
  63          0XFF,0XFF,0XFF,0XFF,0XFF,0XFF,0XFF,0XFF,0XFF,0XFF,0XFF,0XFF,0XFF,0XFF,0XFF,0XFF,
  64          0XFF,0XFF,0XFF,0XFF,0XFF,0XFE,0X83,0XFF,0XFF,0XFF,0XFF,0XFF,0XFF,0XFF,0XFF,0XFF,
  65          0XFF,0XFF,0XFF,0XFF,0XFF,0XFE,0X03,0XFF,0XFF,0XFF,0XFF,0XFF,0XFF,0XFF,0XFF,0XFF
  66          };


MODULE INFORMATION:   STATIC OVERLAYABLE
   CODE SIZE        =   ----    ----
   CONSTANT SIZE    =   1024    ----
   XDATA SIZE       =   ----    ----
   PDATA SIZE       =   ----    ----
   DATA SIZE        =   ----    ----
   IDATA SIZE       =   ----    ----
   BIT SIZE         =   ----    ----
END OF MODULE INFORMATION.


C51 COMPILATION COMPLETE.  0 WARNING(S),  0 ERROR(S)
